[03.26.25 11:20 PM ]Both license storage C:\ProgramData\Embarcadero\.licenses\.cg_license and backup file are missing. Will create new ones.
[03.26.25 11:20 PM ]----------------------------------------
[03.26.25 11:20 PM ]Operating System: Windows
[03.26.25 11:20 PM ]Current User: user
[03.26.25 11:20 PM ]System Registration Key: 13100655
[03.26.25 11:20 PM ]Node Lock: 6S6Q
[03.26.25 11:20 PM ]
[03.26.25 11:20 PM ]----------------------------------------
[03.26.25 11:20 PM ]----------------------------------------
[03.26.25 11:20 PM ]Operating System: Windows
[03.26.25 11:20 PM ]Current User: user
[03.26.25 11:20 PM ]System Registration Key: 13100655
[03.26.25 11:20 PM ]Node Lock: 6S6Q
[03.26.25 11:20 PM ]
[03.26.25 11:20 PM ]----------------------------------------
[03.26.25 11:20 PM ]----------------------------------------
[03.26.25 11:20 PM ]Operating System: Windows
[03.26.25 11:20 PM ]Current User: user
[03.26.25 11:20 PM ]System Registration Key: 13100655
[03.26.25 11:20 PM ]Node Lock: 6S6Q
[03.26.25 11:20 PM ]
[03.26.25 11:20 PM ]----------------------------------------
[03.26.25 11:20 PM ]----------------------------------------
[03.26.25 11:20 PM ]Operating System: Windows
[03.26.25 11:20 PM ]Current User: user
[03.26.25 11:20 PM ]System Registration Key: 13100655
[03.26.25 11:20 PM ]Node Lock: 6S6Q
[03.26.25 11:20 PM ]
[03.26.25 11:20 PM ]----------------------------------------
[03.26.25 11:20 PM ]----------------------------------------
[03.26.25 11:20 PM ]Operating System: Windows
[03.26.25 11:20 PM ]Current User: user
[03.26.25 11:20 PM ]System Registration Key: 13100655
[03.26.25 11:20 PM ]Node Lock: 6S6Q
[03.26.25 11:20 PM ]
[03.26.25 11:20 PM ]----------------------------------------
[03.26.25 11:20 PM ]----------------------------------------
[03.26.25 11:20 PM ]Operating System: Windows
[03.26.25 11:20 PM ]Current User: user
[03.26.25 11:20 PM ]System Registration Key: 13100655
[03.26.25 11:20 PM ]Node Lock: 6S6Q
[03.26.25 11:20 PM ]
[03.26.25 11:20 PM ]----------------------------------------
[03.26.25 11:20 PM ]----------------------------------------
[03.26.25 11:20 PM ]Operating System: Windows
[03.26.25 11:20 PM ]Current User: user
[03.26.25 11:20 PM ]System Registration Key: 13100655
[03.26.25 11:20 PM ]Node Lock: 6S6Q
[03.26.25 11:20 PM ]
[03.26.25 11:20 PM ]----------------------------------------
[03.26.25 11:20 PM ]----------------------------------------
[03.26.25 11:20 PM ]Operating System: Windows
[03.26.25 11:20 PM ]Current User: user
[03.26.25 11:20 PM ]System Registration Key: 13100655
[03.26.25 11:20 PM ]Node Lock: 6S6Q
[03.26.25 11:20 PM ]
[03.26.25 11:20 PM ]----------------------------------------
[03.26.25 11:21 PM ]----------------------------------------
[03.26.25 11:21 PM ]Operating System: Windows
[03.26.25 11:21 PM ]Current User: user
[03.26.25 11:21 PM ]System Registration Key: 13100655
[03.26.25 11:21 PM ]Node Lock: 6S6Q
[03.26.25 11:21 PM ]
[03.26.25 11:21 PM ]----------------------------------------
[03.26.25 11:21 PM ]----------------------------------------
[03.26.25 11:21 PM ]Operating System: Windows
[03.26.25 11:21 PM ]Current User: user
[03.26.25 11:21 PM ]System Registration Key: 13100655
[03.26.25 11:21 PM ]Node Lock: 6S6Q
[03.26.25 11:21 PM ]
[03.26.25 11:21 PM ]----------------------------------------
[03.26.25 11:29 PM ]----------------------------------------
[03.26.25 11:29 PM ]Operating System: Windows
[03.26.25 11:29 PM ]Current User: user
[03.26.25 11:29 PM ]System Registration Key: 13100655
[03.26.25 11:29 PM ]Node Lock: 6S6Q
[03.26.25 11:29 PM ]
[03.26.25 11:29 PM ]----------------------------------------
[03.26.25 11:29 PM ]----------------------------------------
[03.26.25 11:29 PM ]Operating System: Windows
[03.26.25 11:29 PM ]Current User: user
[03.26.25 11:29 PM ]System Registration Key: 13100655
[03.26.25 11:29 PM ]Node Lock: 6S6Q
[03.26.25 11:29 PM ]
[03.26.25 11:29 PM ]----------------------------------------
[03.26.25 11:30 PM ]----------------------------------------
[03.26.25 11:30 PM ]Operating System: Windows
[03.26.25 11:30 PM ]Current User: user
[03.26.25 11:30 PM ]System Registration Key: 13100655
[03.26.25 11:30 PM ]Node Lock: 6S6Q
[03.26.25 11:30 PM ]
[03.26.25 11:30 PM ]----------------------------------------
[03.27.25 12:26 AM ]----------------------------------------
[03.27.25 12:26 AM ]Operating System: Windows
[03.27.25 12:26 AM ]Current User: user
[03.27.25 12:26 AM ]System Registration Key: 13100655
[03.27.25 12:26 AM ]Node Lock: 6S6Q
[03.27.25 12:26 AM ]
[03.27.25 12:26 AM ]----------------------------------------
[03.27.25 12:26 AM ]----------------------------------------
[03.27.25 12:26 AM ]Operating System: Windows
[03.27.25 12:26 AM ]Current User: user
[03.27.25 12:26 AM ]System Registration Key: 13100655
[03.27.25 12:26 AM ]Node Lock: 6S6Q
[03.27.25 12:26 AM ]
[03.27.25 12:26 AM ]----------------------------------------
[03.27.25 12:30 AM ]----------------------------------------
[03.27.25 12:30 AM ]Operating System: Windows
[03.27.25 12:30 AM ]Current User: user
[03.27.25 12:30 AM ]System Registration Key: 13100655
[03.27.25 12:30 AM ]Node Lock: 6S6Q
[03.27.25 12:30 AM ]
[03.27.25 12:30 AM ]----------------------------------------
[03.27.25 12:30 AM ]
[03.27.25 12:30 AM ]
[03.27.25 12:30 AM ]License: Delphi 12.1 Athens Community Edition
[03.27.25 12:30 AM ]Registration Key=13100655
[03.27.25 12:30 AM ]Serial Number=24HK-YVSEMR-D8QDW7-CL8D
[03.27.25 12:30 AM ]----------------------------------------
[03.27.25 12:30 AM ]Operating System: Windows
[03.27.25 12:30 AM ]Current User: user
[03.27.25 12:30 AM ]System Registration Key: 13100655
[03.27.25 12:30 AM ]Node Lock: 6S6Q
[03.27.25 12:30 AM ]
[03.27.25 12:30 AM ]----------------------------------------
[03.27.25 12:30 AM ]
[03.27.25 12:30 AM ]
[03.27.25 12:30 AM ]License: Delphi 12.1 Athens Community Edition
[03.27.25 12:30 AM ]Registration Key=13100655
[03.27.25 12:30 AM ]Serial Number=24HK-YVSEMR-D8QDW7-CL8D
[03.27.25 12:34 AM ]----------------------------------------
[03.27.25 12:34 AM ]Operating System: Windows
[03.27.25 12:34 AM ]Current User: user
[03.27.25 12:34 AM ]System Registration Key: 13100655
[03.27.25 12:34 AM ]Node Lock: 6S6Q
[03.27.25 12:34 AM ]
[03.27.25 12:34 AM ]----------------------------------------
[03.27.25 12:34 AM ]
[03.27.25 12:34 AM ]
[03.27.25 12:34 AM ]License: Delphi 12.1 Athens Community Edition
[03.27.25 12:34 AM ]Registration Key=13100655
[03.27.25 12:34 AM ]Serial Number=24HK-YVSEMR-D8QDW7-CL8D
[03.27.25 12:34 AM ]
[03.27.25 12:34 AM ]
[03.27.25 12:34 AM ]License: Delphi 12.1 Athens Community Edition
[03.27.25 12:34 AM ]Registration Key=13100655
[03.27.25 12:34 AM ]Serial Number=24HK-YVSEMR-D8QDW7-CL8D
[03.27.25 12:34 AM ]
[03.27.25 12:34 AM ]
[03.27.25 12:34 AM ]License: Delphi 12.1 Athens Community Edition
[03.27.25 12:34 AM ]Registration Key=13100655
[03.27.25 12:34 AM ]Serial Number=24HK-YVSEMR-D8QDW7-CL8D
[03.27.25 12:34 AM ]----------------------------------------
[03.27.25 12:34 AM ]Operating System: Windows
[03.27.25 12:34 AM ]Current User: user
[03.27.25 12:34 AM ]System Registration Key: 13100655
[03.27.25 12:34 AM ]Node Lock: 6S6Q
[03.27.25 12:34 AM ]
[03.27.25 12:34 AM ]----------------------------------------
[03.27.25 12:34 AM ]
[03.27.25 12:34 AM ]
[03.27.25 12:34 AM ]License: Delphi 12.1 Athens Community Edition
[03.27.25 12:34 AM ]Registration Key=13100655
[03.27.25 12:34 AM ]Serial Number=24HK-YVSEMR-D8QDW7-CL8D
[03.27.25 12:34 AM ]
[03.27.25 12:34 AM ]
[03.27.25 12:34 AM ]License: Delphi 12.1 Athens Community Edition
[03.27.25 12:34 AM ]Registration Key=13100655
[03.27.25 12:34 AM ]Serial Number=24HK-YVSEMR-D8QDW7-CL8D
[03.27.25 12:34 AM ]
[03.27.25 12:34 AM ]
[03.27.25 12:34 AM ]License: Delphi 12.1 Athens Community Edition
[03.27.25 12:34 AM ]Registration Key=13100655
[03.27.25 12:34 AM ]Serial Number=24HK-YVSEMR-D8QDW7-CL8D
[03.27.25 12:34 AM ]----------------------------------------
[03.27.25 12:34 AM ]Operating System: Windows
[03.27.25 12:34 AM ]Current User: user
[03.27.25 12:34 AM ]System Registration Key: 13100655
[03.27.25 12:34 AM ]Node Lock: 6S6Q
[03.27.25 12:34 AM ]
[03.27.25 12:34 AM ]----------------------------------------
[03.27.25 12:34 AM ]
[03.27.25 12:34 AM ]
[03.27.25 12:34 AM ]License: Delphi 12.1 Athens Community Edition
[03.27.25 12:34 AM ]Registration Key=13100655
[03.27.25 12:34 AM ]Serial Number=24HK-YVSEMR-D8QDW7-CL8D
[03.27.25 12:34 AM ]
[03.27.25 12:34 AM ]
[03.27.25 12:34 AM ]License: Delphi 12.1 Athens Community Edition
[03.27.25 12:34 AM ]Registration Key=13100655
[03.27.25 12:34 AM ]Serial Number=24HK-YVSEMR-D8QDW7-CL8D
[03.27.25 12:34 AM ]
[03.27.25 12:34 AM ]
[03.27.25 12:34 AM ]License: Delphi 12.1 Athens Community Edition
[03.27.25 12:34 AM ]Registration Key=13100655
[03.27.25 12:34 AM ]Serial Number=24HK-YVSEMR-D8QDW7-CL8D
[03.27.25 12:34 AM ]
[03.27.25 12:34 AM ]
[03.27.25 12:34 AM ]License: Delphi 12.1 Athens Community Edition
[03.27.25 12:34 AM ]Registration Key=13100655
[03.27.25 12:34 AM ]Serial Number=24HK-YVSEMR-D8QDW7-CL8D
[03.27.25 12:34 AM ]----------------------------------------
[03.27.25 12:34 AM ]Operating System: Windows
[03.27.25 12:34 AM ]Current User: user
[03.27.25 12:34 AM ]System Registration Key: 13100655
[03.27.25 12:34 AM ]Node Lock: 6S6Q
[03.27.25 12:34 AM ]
[03.27.25 12:34 AM ]----------------------------------------
[03.27.25 12:34 AM ]
[03.27.25 12:34 AM ]
[03.27.25 12:34 AM ]License: Delphi 12.1 Athens Community Edition
[03.27.25 12:34 AM ]Registration Key=13100655
[03.27.25 12:34 AM ]Serial Number=24HK-YVSEMR-D8QDW7-CL8D
[03.27.25 12:34 AM ]
[03.27.25 12:34 AM ]
[03.27.25 12:34 AM ]License: Delphi 12.1 Athens Community Edition
[03.27.25 12:34 AM ]Registration Key=13100655
[03.27.25 12:34 AM ]Serial Number=24HK-YVSEMR-D8QDW7-CL8D
[03.27.25 12:34 AM ]
[03.27.25 12:34 AM ]
[03.27.25 12:34 AM ]License: Delphi 12.1 Athens Community Edition
[03.27.25 12:34 AM ]Registration Key=13100655
[03.27.25 12:34 AM ]Serial Number=24HK-YVSEMR-D8QDW7-CL8D
[03.27.25 12:34 AM ]
[03.27.25 12:34 AM ]
[03.27.25 12:34 AM ]License: Delphi 12.1 Athens Community Edition
[03.27.25 12:34 AM ]Registration Key=13100655
[03.27.25 12:34 AM ]Serial Number=24HK-YVSEMR-D8QDW7-CL8D
[03.27.25 12:36 AM ]----------------------------------------
[03.27.25 12:36 AM ]Operating System: Windows
[03.27.25 12:36 AM ]Current User: user
[03.27.25 12:36 AM ]System Registration Key: 13100655
[03.27.25 12:36 AM ]Node Lock: 6S6Q
[03.27.25 12:36 AM ]
[03.27.25 12:36 AM ]----------------------------------------
[03.27.25 12:36 AM ]
[03.27.25 12:36 AM ]
[03.27.25 12:36 AM ]License: Delphi 12.1 Athens Community Edition
[03.27.25 12:36 AM ]Registration Key=13100655
[03.27.25 12:36 AM ]Serial Number=24HK-YVSEMR-D8QDW7-CL8D
[03.27.25 12:36 AM ]
[03.27.25 12:36 AM ]
[03.27.25 12:36 AM ]License: Delphi 12.1 Athens Community Edition
[03.27.25 12:36 AM ]Registration Key=13100655
[03.27.25 12:36 AM ]Serial Number=24HK-YVSEMR-D8QDW7-CL8D
[03.27.25 12:36 AM ]
[03.27.25 12:36 AM ]
[03.27.25 12:36 AM ]License: Delphi 12.1 Athens Community Edition
[03.27.25 12:36 AM ]Registration Key=13100655
[03.27.25 12:36 AM ]Serial Number=24HK-YVSEMR-D8QDW7-CL8D
[03.27.25 12:40 AM ]----------------------------------------
[03.27.25 12:40 AM ]Operating System: Windows
[03.27.25 12:40 AM ]Current User: user
[03.27.25 12:40 AM ]System Registration Key: 13100655
[03.27.25 12:40 AM ]Node Lock: 6S6Q
[03.27.25 12:40 AM ]
[03.27.25 12:40 AM ]----------------------------------------
[03.27.25 12:40 AM ]
[03.27.25 12:40 AM ]
[03.27.25 12:40 AM ]License: Delphi 12.1 Athens Community Edition
[03.27.25 12:40 AM ]Registration Key=13100655
[03.27.25 12:40 AM ]Serial Number=24HK-YVSEMR-D8QDW7-CL8D
[03.27.25 12:40 AM ]
[03.27.25 12:40 AM ]
[03.27.25 12:40 AM ]License: Delphi 12.1 Athens Community Edition
[03.27.25 12:40 AM ]Registration Key=13100655
[03.27.25 12:40 AM ]Serial Number=24HK-YVSEMR-D8QDW7-CL8D
[03.27.25 12:40 AM ]
[03.27.25 12:40 AM ]
[03.27.25 12:40 AM ]License: Delphi 12.1 Athens Community Edition
[03.27.25 12:40 AM ]Registration Key=13100655
[03.27.25 12:40 AM ]Serial Number=24HK-YVSEMR-D8QDW7-CL8D
[03.27.25 12:40 AM ]----------------------------------------
[03.27.25 12:40 AM ]Operating System: Windows
[03.27.25 12:40 AM ]Current User: user
[03.27.25 12:40 AM ]System Registration Key: 13100655
[03.27.25 12:40 AM ]Node Lock: 6S6Q
[03.27.25 12:40 AM ]
[03.27.25 12:40 AM ]----------------------------------------
[03.27.25 12:40 AM ]
[03.27.25 12:40 AM ]
[03.27.25 12:40 AM ]License: Delphi 12.1 Athens Community Edition
[03.27.25 12:40 AM ]Registration Key=13100655
[03.27.25 12:40 AM ]Serial Number=24HK-YVSEMR-D8QDW7-CL8D
[03.27.25 12:40 AM ]
[03.27.25 12:40 AM ]
[03.27.25 12:40 AM ]License: Delphi 12.1 Athens Community Edition
[03.27.25 12:40 AM ]Registration Key=13100655
[03.27.25 12:40 AM ]Serial Number=24HK-YVSEMR-D8QDW7-CL8D
[03.27.25 12:40 AM ]
[03.27.25 12:40 AM ]
[03.27.25 12:40 AM ]License: Delphi 12.1 Athens Community Edition
[03.27.25 12:40 AM ]Registration Key=13100655
[03.27.25 12:40 AM ]Serial Number=24HK-YVSEMR-D8QDW7-CL8D
[03.27.25 12:41 AM ]----------------------------------------
[03.27.25 12:41 AM ]Operating System: Windows
[03.27.25 12:41 AM ]Current User: user
[03.27.25 12:41 AM ]System Registration Key: 13100655
[03.27.25 12:41 AM ]Node Lock: 6S6Q
[03.27.25 12:41 AM ]
[03.27.25 12:41 AM ]----------------------------------------
[03.27.25 12:41 AM ]
[03.27.25 12:41 AM ]
[03.27.25 12:41 AM ]License: Delphi 12.1 Athens Community Edition
[03.27.25 12:41 AM ]Registration Key=13100655
[03.27.25 12:41 AM ]Serial Number=24HK-YVSEMR-D8QDW7-CL8D
[03.27.25 12:41 AM ]
[03.27.25 12:41 AM ]
[03.27.25 12:41 AM ]License: Delphi 12.1 Athens Community Edition
[03.27.25 12:41 AM ]Registration Key=13100655
[03.27.25 12:41 AM ]Serial Number=24HK-YVSEMR-D8QDW7-CL8D
[03.27.25 12:41 AM ]
[03.27.25 12:41 AM ]
[03.27.25 12:41 AM ]License: Delphi 12.1 Athens Community Edition
[03.27.25 12:41 AM ]Registration Key=13100655
[03.27.25 12:41 AM ]Serial Number=24HK-YVSEMR-D8QDW7-CL8D
[03.27.25 12:41 AM ]
[03.27.25 12:41 AM ]
[03.27.25 12:41 AM ]License: Delphi 12.1 Athens Community Edition
[03.27.25 12:41 AM ]Registration Key=13100655
[03.27.25 12:41 AM ]Serial Number=24HK-YVSEMR-D8QDW7-CL8D
[03.27.25 12:41 AM ]----------------------------------------
[03.27.25 12:41 AM ]Operating System: Windows
[03.27.25 12:41 AM ]Current User: user
[03.27.25 12:41 AM ]System Registration Key: 13100655
[03.27.25 12:41 AM ]Node Lock: 6S6Q
[03.27.25 12:41 AM ]
[03.27.25 12:41 AM ]----------------------------------------
[03.27.25 12:41 AM ]
[03.27.25 12:41 AM ]
[03.27.25 12:41 AM ]License: Delphi 12.1 Athens Community Edition
[03.27.25 12:41 AM ]Registration Key=13100655
[03.27.25 12:41 AM ]Serial Number=24HK-YVSEMR-D8QDW7-CL8D
[03.27.25 12:41 AM ]
[03.27.25 12:41 AM ]
[03.27.25 12:41 AM ]License: Delphi 12.1 Athens Community Edition
[03.27.25 12:41 AM ]Registration Key=13100655
[03.27.25 12:41 AM ]Serial Number=24HK-YVSEMR-D8QDW7-CL8D
[03.27.25 12:41 AM ]
[03.27.25 12:41 AM ]
[03.27.25 12:41 AM ]License: Delphi 12.1 Athens Community Edition
[03.27.25 12:41 AM ]Registration Key=13100655
[03.27.25 12:41 AM ]Serial Number=24HK-YVSEMR-D8QDW7-CL8D
[03.27.25 12:41 AM ]
[03.27.25 12:41 AM ]
[03.27.25 12:41 AM ]License: Delphi 12.1 Athens Community Edition
[03.27.25 12:41 AM ]Registration Key=13100655
[03.27.25 12:41 AM ]Serial Number=24HK-YVSEMR-D8QDW7-CL8D
[03.27.25 12:43 AM ]----------------------------------------
[03.27.25 12:43 AM ]Operating System: Windows
[03.27.25 12:43 AM ]Current User: user
[03.27.25 12:43 AM ]System Registration Key: 13100655
[03.27.25 12:43 AM ]Node Lock: 6S6Q
[03.27.25 12:43 AM ]
[03.27.25 12:43 AM ]----------------------------------------
[03.27.25 12:43 AM ]
[03.27.25 12:43 AM ]
[03.27.25 12:43 AM ]License: Delphi 12.1 Athens Community Edition
[03.27.25 12:43 AM ]Registration Key=13100655
[03.27.25 12:43 AM ]Serial Number=24HK-YVSEMR-D8QDW7-CL8D
[03.27.25 12:43 AM ]
[03.27.25 12:43 AM ]
[03.27.25 12:43 AM ]License: Delphi 12.1 Athens Community Edition
[03.27.25 12:43 AM ]Registration Key=13100655
[03.27.25 12:43 AM ]Serial Number=24HK-YVSEMR-D8QDW7-CL8D
[03.27.25 12:43 AM ]
[03.27.25 12:43 AM ]
[03.27.25 12:43 AM ]License: Delphi 12.1 Athens Community Edition
[03.27.25 12:43 AM ]Registration Key=13100655
[03.27.25 12:43 AM ]Serial Number=24HK-YVSEMR-D8QDW7-CL8D
[03.27.25 12:43 AM ]
[03.27.25 12:43 AM ]
[03.27.25 12:43 AM ]License: Delphi 12.1 Athens Community Edition
[03.27.25 12:43 AM ]Registration Key=13100655
[03.27.25 12:43 AM ]Serial Number=24HK-YVSEMR-D8QDW7-CL8D
[03.27.25 12:46 AM ]----------------------------------------
[03.27.25 12:46 AM ]Operating System: Windows
[03.27.25 12:46 AM ]Current User: user
[03.27.25 12:46 AM ]System Registration Key: 13100655
[03.27.25 12:46 AM ]Node Lock: 6S6Q
[03.27.25 12:46 AM ]
[03.27.25 12:46 AM ]----------------------------------------
[03.27.25 12:46 AM ]
[03.27.25 12:46 AM ]
[03.27.25 12:46 AM ]License: Delphi 12.1 Athens Community Edition
[03.27.25 12:46 AM ]Registration Key=13100655
[03.27.25 12:46 AM ]Serial Number=24HK-YVSEMR-D8QDW7-CL8D
[03.27.25 12:46 AM ]
[03.27.25 12:46 AM ]
[03.27.25 12:46 AM ]License: Delphi 12.1 Athens Community Edition
[03.27.25 12:46 AM ]Registration Key=13100655
[03.27.25 12:46 AM ]Serial Number=24HK-YVSEMR-D8QDW7-CL8D
[03.27.25 12:46 AM ]
[03.27.25 12:46 AM ]
[03.27.25 12:46 AM ]License: Delphi 12.1 Athens Community Edition
[03.27.25 12:46 AM ]Registration Key=13100655
[03.27.25 12:46 AM ]Serial Number=24HK-YVSEMR-D8QDW7-CL8D
[03.27.25 12:46 AM ]
[03.27.25 12:46 AM ]
[03.27.25 12:46 AM ]License: Delphi 12.1 Athens Community Edition
[03.27.25 12:46 AM ]Registration Key=13100655
[03.27.25 12:46 AM ]Serial Number=24HK-YVSEMR-D8QDW7-CL8D
[03.27.25 12:47 AM ]----------------------------------------
[03.27.25 12:47 AM ]Operating System: Windows
[03.27.25 12:47 AM ]Current User: user
[03.27.25 12:47 AM ]System Registration Key: 13100655
[03.27.25 12:47 AM ]Node Lock: 6S6Q
[03.27.25 12:47 AM ]
[03.27.25 12:47 AM ]----------------------------------------
[03.27.25 12:47 AM ]
[03.27.25 12:47 AM ]
[03.27.25 12:47 AM ]License: Delphi 12.1 Athens Community Edition
[03.27.25 12:47 AM ]Registration Key=13100655
[03.27.25 12:47 AM ]Serial Number=24HK-YVSEMR-D8QDW7-CL8D
[03.27.25 12:47 AM ]
[03.27.25 12:47 AM ]
[03.27.25 12:47 AM ]License: Delphi 12.1 Athens Community Edition
[03.27.25 12:47 AM ]Registration Key=13100655
[03.27.25 12:47 AM ]Serial Number=24HK-YVSEMR-D8QDW7-CL8D
[03.27.25 12:47 AM ]
[03.27.25 12:47 AM ]
[03.27.25 12:47 AM ]License: Delphi 12.1 Athens Community Edition
[03.27.25 12:47 AM ]Registration Key=13100655
[03.27.25 12:47 AM ]Serial Number=24HK-YVSEMR-D8QDW7-CL8D
[03.27.25 12:47 AM ]
[03.27.25 12:47 AM ]
[03.27.25 12:47 AM ]License: Delphi 12.1 Athens Community Edition
[03.27.25 12:47 AM ]Registration Key=13100655
[03.27.25 12:47 AM ]Serial Number=24HK-YVSEMR-D8QDW7-CL8D
[03.27.25 12:47 AM ]----------------------------------------
[03.27.25 12:47 AM ]Operating System: Windows
[03.27.25 12:47 AM ]Current User: user
[03.27.25 12:47 AM ]System Registration Key: 13100655
[03.27.25 12:47 AM ]Node Lock: 6S6Q
[03.27.25 12:47 AM ]
[03.27.25 12:47 AM ]----------------------------------------
[03.27.25 12:47 AM ]Unreg #0 24HK-YVSEMR-D8QDW7-CL8D
[03.27.25 12:47 AM ]
[03.27.25 12:47 AM ]
[03.27.25 12:47 AM ]License: Delphi 12.1 Athens Community Edition
[03.27.25 12:47 AM ]Registration Key=13100655
[03.27.25 12:47 AM ]Serial Number=24HK-YVSEMR-D8QDW7-CL8D
[03.27.25 12:47 AM ]
[03.27.25 12:47 AM ]
[03.27.25 12:47 AM ]License: Delphi 12.1 Athens Community Edition
[03.27.25 12:47 AM ]Registration Key=13100655
[03.27.25 12:47 AM ]Serial Number=24HK-YVSEMR-D8QDW7-CL8D
[03.27.25 12:47 AM ]
[03.27.25 12:47 AM ]
[03.27.25 12:47 AM ]License: Delphi 12.1 Athens Community Edition
[03.27.25 12:47 AM ]Registration Key=13100655
[03.27.25 12:47 AM ]Serial Number=24HK-YVSEMR-D8QDW7-CL8D
[03.27.25 12:47 AM ]
[03.27.25 12:47 AM ]
[03.27.25 12:47 AM ]License: Delphi 12.1 Athens Community Edition
[03.27.25 12:47 AM ]Registration Key=13100655
[03.27.25 12:47 AM ]Serial Number=24HK-YVSEMR-D8QDW7-CL8D
[03.27.25 12:47 AM ]----------------------------------------
[03.27.25 12:47 AM ]Operating System: Windows
[03.27.25 12:47 AM ]Current User: user
[03.27.25 12:47 AM ]System Registration Key: 13100655
[03.27.25 12:47 AM ]Node Lock: 6S6Q
[03.27.25 12:47 AM ]
[03.27.25 12:47 AM ]----------------------------------------
[03.27.25 12:47 AM ]Unreg #0 24HK-YVSEMR-D8QDW7-CL8D
[03.27.25 12:47 AM ]
[03.27.25 12:47 AM ]
[03.27.25 12:47 AM ]License: Delphi 12.1 Athens Community Edition
[03.27.25 12:47 AM ]Registration Key=13100655
[03.27.25 12:47 AM ]Serial Number=24HK-YVSEMR-D8QDW7-CL8D
[03.27.25 12:47 AM ]
[03.27.25 12:47 AM ]
[03.27.25 12:47 AM ]License: Delphi 12.1 Athens Community Edition
[03.27.25 12:47 AM ]Registration Key=13100655
[03.27.25 12:47 AM ]Serial Number=24HK-YVSEMR-D8QDW7-CL8D
[03.27.25 12:47 AM ]
[03.27.25 12:47 AM ]
[03.27.25 12:47 AM ]License: Delphi 12.1 Athens Community Edition
[03.27.25 12:47 AM ]Registration Key=13100655
[03.27.25 12:47 AM ]Serial Number=24HK-YVSEMR-D8QDW7-CL8D
[03.27.25 12:47 AM ]
[03.27.25 12:47 AM ]
[03.27.25 12:47 AM ]License: Delphi 12.1 Athens Community Edition
[03.27.25 12:47 AM ]Registration Key=13100655
[03.27.25 12:47 AM ]Serial Number=24HK-YVSEMR-D8QDW7-CL8D
[03.27.25 12:47 AM ]----------------------------------------
[03.27.25 12:47 AM ]Operating System: Windows
[03.27.25 12:47 AM ]Current User: user
[03.27.25 12:47 AM ]System Registration Key: 13100655
[03.27.25 12:47 AM ]Node Lock: 6S6Q
[03.27.25 12:47 AM ]
[03.27.25 12:47 AM ]----------------------------------------
[03.27.25 12:47 AM ]Unreg #0 24HK-YVSEMR-D8QDW7-CL8D
[03.27.25 12:47 AM ]
[03.27.25 12:47 AM ]
[03.27.25 12:47 AM ]License: Delphi 12.1 Athens Community Edition
[03.27.25 12:47 AM ]Registration Key=13100655
[03.27.25 12:47 AM ]Serial Number=24HK-YVSEMR-D8QDW7-CL8D
[03.27.25 12:47 AM ]
[03.27.25 12:47 AM ]
[03.27.25 12:47 AM ]License: Delphi 12.1 Athens Community Edition
[03.27.25 12:47 AM ]Registration Key=13100655
[03.27.25 12:47 AM ]Serial Number=24HK-YVSEMR-D8QDW7-CL8D
[03.27.25 12:47 AM ]
[03.27.25 12:47 AM ]
[03.27.25 12:47 AM ]License: Delphi 12.1 Athens Community Edition
[03.27.25 12:47 AM ]Registration Key=13100655
[03.27.25 12:47 AM ]Serial Number=24HK-YVSEMR-D8QDW7-CL8D
[03.27.25 12:47 AM ]
[03.27.25 12:47 AM ]
[03.27.25 12:47 AM ]License: Delphi 12.1 Athens Community Edition
[03.27.25 12:47 AM ]Registration Key=13100655
[03.27.25 12:47 AM ]Serial Number=24HK-YVSEMR-D8QDW7-CL8D
[03.27.25 12:47 AM ]----------------------------------------
[03.27.25 12:47 AM ]Operating System: Windows
[03.27.25 12:47 AM ]Current User: user
[03.27.25 12:47 AM ]System Registration Key: 13100655
[03.27.25 12:47 AM ]Node Lock: 6S6Q
[03.27.25 12:47 AM ]
[03.27.25 12:47 AM ]----------------------------------------
[03.27.25 12:47 AM ]Unreg #0 24HK-YVSEMR-D8QDW7-CL8D
[03.27.25 12:47 AM ]
[03.27.25 12:47 AM ]
[03.27.25 12:47 AM ]License: Delphi 12.1 Athens Community Edition
[03.27.25 12:47 AM ]Registration Key=13100655
[03.27.25 12:47 AM ]Serial Number=24HK-YVSEMR-D8QDW7-CL8D
[03.27.25 12:47 AM ]
[03.27.25 12:47 AM ]
[03.27.25 12:47 AM ]License: Delphi 12.1 Athens Community Edition
[03.27.25 12:47 AM ]Registration Key=13100655
[03.27.25 12:47 AM ]Serial Number=24HK-YVSEMR-D8QDW7-CL8D
[03.27.25 12:47 AM ]
[03.27.25 12:47 AM ]
[03.27.25 12:47 AM ]License: Delphi 12.1 Athens Community Edition
[03.27.25 12:47 AM ]Registration Key=13100655
[03.27.25 12:47 AM ]Serial Number=24HK-YVSEMR-D8QDW7-CL8D
[03.27.25 12:47 AM ]
[03.27.25 12:47 AM ]
[03.27.25 12:47 AM ]License: Delphi 12.1 Athens Community Edition
[03.27.25 12:47 AM ]Registration Key=13100655
[03.27.25 12:47 AM ]Serial Number=24HK-YVSEMR-D8QDW7-CL8D
[03.27.25 12:47 AM ]----------------------------------------
[03.27.25 12:47 AM ]Operating System: Windows
[03.27.25 12:47 AM ]Current User: user
[03.27.25 12:47 AM ]System Registration Key: 13100655
[03.27.25 12:47 AM ]Node Lock: 6S6Q
[03.27.25 12:47 AM ]
[03.27.25 12:47 AM ]----------------------------------------
[03.27.25 12:47 AM ]Unreg #0 24HK-YVSEMR-D8QDW7-CL8D
[03.27.25 12:47 AM ]
[03.27.25 12:47 AM ]
[03.27.25 12:47 AM ]License: Delphi 12.1 Athens Community Edition
[03.27.25 12:47 AM ]Registration Key=13100655
[03.27.25 12:47 AM ]Serial Number=24HK-YVSEMR-D8QDW7-CL8D
[03.27.25 12:47 AM ]
[03.27.25 12:47 AM ]
[03.27.25 12:47 AM ]License: Delphi 12.1 Athens Community Edition
[03.27.25 12:47 AM ]Registration Key=13100655
[03.27.25 12:47 AM ]Serial Number=24HK-YVSEMR-D8QDW7-CL8D
[03.27.25 12:47 AM ]
[03.27.25 12:47 AM ]
[03.27.25 12:47 AM ]License: Delphi 12.1 Athens Community Edition
[03.27.25 12:47 AM ]Registration Key=13100655
[03.27.25 12:47 AM ]Serial Number=24HK-YVSEMR-D8QDW7-CL8D
[03.27.25 12:47 AM ]
[03.27.25 12:47 AM ]
[03.27.25 12:47 AM ]License: Delphi 12.1 Athens Community Edition
[03.27.25 12:47 AM ]Registration Key=13100655
[03.27.25 12:47 AM ]Serial Number=24HK-YVSEMR-D8QDW7-CL8D
[03.27.25 12:47 AM ]----------------------------------------
[03.27.25 12:47 AM ]Operating System: Windows
[03.27.25 12:47 AM ]Current User: user
[03.27.25 12:47 AM ]System Registration Key: 13100655
[03.27.25 12:47 AM ]Node Lock: 6S6Q
[03.27.25 12:47 AM ]
[03.27.25 12:47 AM ]----------------------------------------
[03.27.25 12:47 AM ]Unreg #0 24HK-YVSEMR-D8QDW7-CL8D
[03.27.25 12:47 AM ]
[03.27.25 12:47 AM ]
[03.27.25 12:47 AM ]License: Delphi 12.1 Athens Community Edition
[03.27.25 12:47 AM ]Registration Key=13100655
[03.27.25 12:47 AM ]Serial Number=24HK-YVSEMR-D8QDW7-CL8D
[03.27.25 12:47 AM ]
[03.27.25 12:47 AM ]
[03.27.25 12:47 AM ]License: Delphi 12.1 Athens Community Edition
[03.27.25 12:47 AM ]Registration Key=13100655
[03.27.25 12:47 AM ]Serial Number=24HK-YVSEMR-D8QDW7-CL8D
[03.27.25 12:47 AM ]
[03.27.25 12:47 AM ]
[03.27.25 12:47 AM ]License: Delphi 12.1 Athens Community Edition
[03.27.25 12:47 AM ]Registration Key=13100655
[03.27.25 12:47 AM ]Serial Number=24HK-YVSEMR-D8QDW7-CL8D
[03.27.25 12:47 AM ]
[03.27.25 12:47 AM ]
[03.27.25 12:47 AM ]License: Delphi 12.1 Athens Community Edition
[03.27.25 12:47 AM ]Registration Key=13100655
[03.27.25 12:47 AM ]Serial Number=24HK-YVSEMR-D8QDW7-CL8D
[03.27.25 12:48 AM ]----------------------------------------
[03.27.25 12:48 AM ]Operating System: Windows
[03.27.25 12:48 AM ]Current User: user
[03.27.25 12:48 AM ]System Registration Key: 13100655
[03.27.25 12:48 AM ]Node Lock: 6S6Q
[03.27.25 12:48 AM ]
[03.27.25 12:48 AM ]----------------------------------------
[03.27.25 12:48 AM ]Unreg #0 24HK-YVSEMR-D8QDW7-CL8D
[03.27.25 12:48 AM ]
[03.27.25 12:48 AM ]
[03.27.25 12:48 AM ]License: Delphi 12.1 Athens Community Edition
[03.27.25 12:48 AM ]Registration Key=13100655
[03.27.25 12:48 AM ]Serial Number=24HK-YVSEMR-D8QDW7-CL8D
[03.27.25 12:48 AM ]
[03.27.25 12:48 AM ]
[03.27.25 12:48 AM ]License: Delphi 12.1 Athens Community Edition
[03.27.25 12:48 AM ]Registration Key=13100655
[03.27.25 12:48 AM ]Serial Number=24HK-YVSEMR-D8QDW7-CL8D
[03.27.25 12:48 AM ]
[03.27.25 12:48 AM ]
[03.27.25 12:48 AM ]License: Delphi 12.1 Athens Community Edition
[03.27.25 12:48 AM ]Registration Key=13100655
[03.27.25 12:48 AM ]Serial Number=24HK-YVSEMR-D8QDW7-CL8D
[03.27.25 12:48 AM ]
[03.27.25 12:48 AM ]
[03.27.25 12:48 AM ]License: Delphi 12.1 Athens Community Edition
[03.27.25 12:48 AM ]Registration Key=13100655
[03.27.25 12:48 AM ]Serial Number=24HK-YVSEMR-D8QDW7-CL8D
[03.27.25 12:49 AM ]----------------------------------------
[03.27.25 12:49 AM ]Operating System: Windows
[03.27.25 12:49 AM ]Current User: user
[03.27.25 12:49 AM ]System Registration Key: 13100655
[03.27.25 12:49 AM ]Node Lock: 6S6Q
[03.27.25 12:49 AM ]
[03.27.25 12:49 AM ]----------------------------------------
[03.27.25 12:49 AM ]
[03.27.25 12:49 AM ]
[03.27.25 12:49 AM ]License: Delphi 12.1 Athens Community Edition
[03.27.25 12:49 AM ]Registration Key=13100655
[03.27.25 12:49 AM ]Serial Number=24HK-YVSEMR-D8QDW7-CL8D
[03.27.25 12:49 AM ]
[03.27.25 12:49 AM ]
[03.27.25 12:49 AM ]License: Delphi 12.1 Athens Community Edition
[03.27.25 12:49 AM ]Registration Key=13100655
[03.27.25 12:49 AM ]Serial Number=24HK-YVSEMR-D8QDW7-CL8D
[03.27.25 12:49 AM ]
[03.27.25 12:49 AM ]
[03.27.25 12:49 AM ]License: Delphi 12.1 Athens Community Edition
[03.27.25 12:49 AM ]Registration Key=13100655
[03.27.25 12:49 AM ]Serial Number=24HK-YVSEMR-D8QDW7-CL8D
[03.27.25 12:49 AM ]
[03.27.25 12:49 AM ]
[03.27.25 12:49 AM ]License: Delphi 12.1 Athens Community Edition
[03.27.25 12:49 AM ]Registration Key=13100655
[03.27.25 12:49 AM ]Serial Number=24HK-YVSEMR-D8QDW7-CL8D
[03.27.25 12:49 AM ]----------------------------------------
[03.27.25 12:49 AM ]Operating System: Windows
[03.27.25 12:49 AM ]Current User: user
[03.27.25 12:49 AM ]System Registration Key: 13100655
[03.27.25 12:49 AM ]Node Lock: 6S6Q
[03.27.25 12:49 AM ]
[03.27.25 12:49 AM ]----------------------------------------
[03.27.25 12:49 AM ]
[03.27.25 12:49 AM ]
[03.27.25 12:49 AM ]License: Delphi 12.1 Athens Community Edition
[03.27.25 12:49 AM ]Registration Key=13100655
[03.27.25 12:49 AM ]Serial Number=24HK-YVSEMR-D8QDW7-CL8D
[03.27.25 12:49 AM ]
[03.27.25 12:49 AM ]
[03.27.25 12:49 AM ]License: Delphi 12.1 Athens Community Edition
[03.27.25 12:49 AM ]Registration Key=13100655
[03.27.25 12:49 AM ]Serial Number=24HK-YVSEMR-D8QDW7-CL8D
[03.27.25 12:49 AM ]
[03.27.25 12:49 AM ]
[03.27.25 12:49 AM ]License: Delphi 12.1 Athens Community Edition
[03.27.25 12:49 AM ]Registration Key=13100655
[03.27.25 12:49 AM ]Serial Number=24HK-YVSEMR-D8QDW7-CL8D
[03.27.25 12:49 AM ]
[03.27.25 12:49 AM ]
[03.27.25 12:49 AM ]License: Delphi 12.1 Athens Community Edition
[03.27.25 12:49 AM ]Registration Key=13100655
[03.27.25 12:49 AM ]Serial Number=24HK-YVSEMR-D8QDW7-CL8D
[03.27.25 12:52 AM ]----------------------------------------
[03.27.25 12:52 AM ]Operating System: Windows
[03.27.25 12:52 AM ]Current User: user
[03.27.25 12:52 AM ]System Registration Key: 13100655
[03.27.25 12:52 AM ]Node Lock: 6S6Q
[03.27.25 12:52 AM ]
[03.27.25 12:52 AM ]----------------------------------------
[03.27.25 12:52 AM ]
[03.27.25 12:52 AM ]
[03.27.25 12:52 AM ]License: Delphi 12.1 Athens Community Edition
[03.27.25 12:52 AM ]Registration Key=13100655
[03.27.25 12:52 AM ]Serial Number=24HK-YVSEMR-D8QDW7-CL8D
[03.27.25 12:52 AM ]
[03.27.25 12:52 AM ]
[03.27.25 12:52 AM ]License: Delphi 12.1 Athens Community Edition
[03.27.25 12:52 AM ]Registration Key=13100655
[03.27.25 12:52 AM ]Serial Number=24HK-YVSEMR-D8QDW7-CL8D
[03.27.25 12:52 AM ]
[03.27.25 12:52 AM ]
[03.27.25 12:52 AM ]License: RAD Studio 12.3 Athens Architect Trial
[03.27.25 12:52 AM ]Registration Key=13100655
[03.27.25 12:52 AM ]Serial Number=HSAL-SYQTU8-DSW5AK-M4RS
[03.27.25 12:52 AM ]
[03.27.25 12:52 AM ]
[03.27.25 12:52 AM ]License: Delphi 12.1 Athens Community Edition
[03.27.25 12:52 AM ]Registration Key=13100655
[03.27.25 12:52 AM ]Serial Number=24HK-YVSEMR-D8QDW7-CL8D
[03.27.25 12:52 AM ]
[03.27.25 12:52 AM ]
[03.27.25 12:52 AM ]License: Delphi 12.1 Athens Community Edition
[03.27.25 12:52 AM ]Registration Key=13100655
[03.27.25 12:52 AM ]Serial Number=24HK-YVSEMR-D8QDW7-CL8D
[03.27.25 12:53 AM ]----------------------------------------
[03.27.25 12:53 AM ]Operating System: Windows
[03.27.25 12:53 AM ]Current User: user
[03.27.25 12:53 AM ]System Registration Key: 13100655
[03.27.25 12:53 AM ]Node Lock: 6S6Q
[03.27.25 12:53 AM ]
[03.27.25 12:53 AM ]----------------------------------------
[03.27.25 12:53 AM ]
[03.27.25 12:53 AM ]
[03.27.25 12:53 AM ]License: Delphi 12.1 Athens Community Edition
[03.27.25 12:53 AM ]Registration Key=13100655
[03.27.25 12:53 AM ]Serial Number=24HK-YVSEMR-D8QDW7-CL8D
[03.27.25 12:53 AM ]
[03.27.25 12:53 AM ]
[03.27.25 12:53 AM ]License: Delphi 12.1 Athens Community Edition
[03.27.25 12:53 AM ]Registration Key=13100655
[03.27.25 12:53 AM ]Serial Number=24HK-YVSEMR-D8QDW7-CL8D
[03.27.25 12:53 AM ]
[03.27.25 12:53 AM ]
[03.27.25 12:53 AM ]License: RAD Studio 12.3 Athens Architect Trial
[03.27.25 12:53 AM ]Registration Key=13100655
[03.27.25 12:53 AM ]Serial Number=HSAL-SYQTU8-DSW5AK-M4RS
[03.27.25 12:53 AM ]
[03.27.25 12:53 AM ]
[03.27.25 12:53 AM ]License: Delphi 12.1 Athens Community Edition
[03.27.25 12:53 AM ]Registration Key=13100655
[03.27.25 12:53 AM ]Serial Number=24HK-YVSEMR-D8QDW7-CL8D
[03.27.25 12:53 AM ]
[03.27.25 12:53 AM ]
[03.27.25 12:53 AM ]License: Delphi 12.1 Athens Community Edition
[03.27.25 12:53 AM ]Registration Key=13100655
[03.27.25 12:53 AM ]Serial Number=24HK-YVSEMR-D8QDW7-CL8D
[03.27.25 12:53 AM ]----------------------------------------
[03.27.25 12:53 AM ]Operating System: Windows
[03.27.25 12:53 AM ]Current User: user
[03.27.25 12:53 AM ]System Registration Key: 13100655
[03.27.25 12:53 AM ]Node Lock: 6S6Q
[03.27.25 12:53 AM ]
[03.27.25 12:53 AM ]----------------------------------------
[03.27.25 12:53 AM ]
[03.27.25 12:53 AM ]
[03.27.25 12:53 AM ]License: Delphi 12.1 Athens Community Edition
[03.27.25 12:53 AM ]Registration Key=13100655
[03.27.25 12:53 AM ]Serial Number=24HK-YVSEMR-D8QDW7-CL8D
[03.27.25 12:53 AM ]
[03.27.25 12:53 AM ]
[03.27.25 12:53 AM ]License: Delphi 12.1 Athens Community Edition
[03.27.25 12:53 AM ]Registration Key=13100655
[03.27.25 12:53 AM ]Serial Number=24HK-YVSEMR-D8QDW7-CL8D
[03.27.25 12:53 AM ]
[03.27.25 12:53 AM ]
[03.27.25 12:53 AM ]License: RAD Studio 12.3 Athens Architect Trial
[03.27.25 12:53 AM ]Registration Key=13100655
[03.27.25 12:53 AM ]Serial Number=HSAL-SYQTU8-DSW5AK-M4RS
[03.27.25 12:53 AM ]
[03.27.25 12:53 AM ]
[03.27.25 12:53 AM ]License: Delphi 12.1 Athens Community Edition
[03.27.25 12:53 AM ]Registration Key=13100655
[03.27.25 12:53 AM ]Serial Number=24HK-YVSEMR-D8QDW7-CL8D
[03.27.25 12:53 AM ]
[03.27.25 12:53 AM ]
[03.27.25 12:53 AM ]License: Delphi 12.1 Athens Community Edition
[03.27.25 12:53 AM ]Registration Key=13100655
[03.27.25 12:53 AM ]Serial Number=24HK-YVSEMR-D8QDW7-CL8D
[03.27.25 12:55 AM ]----------------------------------------
[03.27.25 12:55 AM ]Operating System: Windows
[03.27.25 12:55 AM ]Current User: user
[03.27.25 12:55 AM ]System Registration Key: 13100655
[03.27.25 12:55 AM ]Node Lock: 6S6Q
[03.27.25 12:55 AM ]
[03.27.25 12:55 AM ]----------------------------------------
[03.27.25 12:55 AM ]
[03.27.25 12:55 AM ]
[03.27.25 12:55 AM ]License: Delphi 12.1 Athens Community Edition
[03.27.25 12:55 AM ]Registration Key=13100655
[03.27.25 12:55 AM ]Serial Number=24HK-YVSEMR-D8QDW7-CL8D
[03.27.25 12:55 AM ]
[03.27.25 12:55 AM ]
[03.27.25 12:55 AM ]License: Delphi 12.1 Athens Community Edition
[03.27.25 12:55 AM ]Registration Key=13100655
[03.27.25 12:55 AM ]Serial Number=24HK-YVSEMR-D8QDW7-CL8D
[03.27.25 12:55 AM ]
[03.27.25 12:55 AM ]
[03.27.25 12:55 AM ]License: RAD Studio 12.3 Athens Architect Trial
[03.27.25 12:55 AM ]Registration Key=13100655
[03.27.25 12:55 AM ]Serial Number=HSAL-SYQTU8-DSW5AK-M4RS
[03.27.25 12:55 AM ]
[03.27.25 12:55 AM ]
[03.27.25 12:55 AM ]License: Delphi 12.1 Athens Community Edition
[03.27.25 12:55 AM ]Registration Key=13100655
[03.27.25 12:55 AM ]Serial Number=24HK-YVSEMR-D8QDW7-CL8D
[03.27.25 12:55 AM ]
[03.27.25 12:55 AM ]
[03.27.25 12:55 AM ]License: Delphi 12.1 Athens Community Edition
[03.27.25 12:55 AM ]Registration Key=13100655
[03.27.25 12:55 AM ]Serial Number=24HK-YVSEMR-D8QDW7-CL8D
[03.27.25 12:56 AM ]----------------------------------------
[03.27.25 12:56 AM ]Operating System: Windows
[03.27.25 12:56 AM ]Current User: user
[03.27.25 12:56 AM ]System Registration Key: 13100655
[03.27.25 12:56 AM ]Node Lock: 6S6Q
[03.27.25 12:56 AM ]
[03.27.25 12:56 AM ]----------------------------------------
[03.27.25 12:56 AM ]
[03.27.25 12:56 AM ]
[03.27.25 12:56 AM ]License: Delphi 12.1 Athens Community Edition
[03.27.25 12:56 AM ]Registration Key=13100655
[03.27.25 12:56 AM ]Serial Number=24HK-YVSEMR-D8QDW7-CL8D
[03.27.25 12:56 AM ]
[03.27.25 12:56 AM ]
[03.27.25 12:56 AM ]License: Delphi 12.1 Athens Community Edition
[03.27.25 12:56 AM ]Registration Key=13100655
[03.27.25 12:56 AM ]Serial Number=24HK-YVSEMR-D8QDW7-CL8D
[03.27.25 12:56 AM ]
[03.27.25 12:56 AM ]
[03.27.25 12:56 AM ]License: RAD Studio 12.3 Athens Architect Trial
[03.27.25 12:56 AM ]Registration Key=13100655
[03.27.25 12:56 AM ]Serial Number=HSAL-SYQTU8-DSW5AK-M4RS
[03.27.25 12:56 AM ]
[03.27.25 12:56 AM ]
[03.27.25 12:56 AM ]License: Delphi 12.1 Athens Community Edition
[03.27.25 12:56 AM ]Registration Key=13100655
[03.27.25 12:56 AM ]Serial Number=24HK-YVSEMR-D8QDW7-CL8D
[03.27.25 12:56 AM ]
[03.27.25 12:56 AM ]
[03.27.25 12:56 AM ]License: Delphi 12.1 Athens Community Edition
[03.27.25 12:56 AM ]Registration Key=13100655
[03.27.25 12:56 AM ]Serial Number=24HK-YVSEMR-D8QDW7-CL8D
[03.27.25 12:56 AM ]----------------------------------------
[03.27.25 12:56 AM ]Operating System: Windows
[03.27.25 12:56 AM ]Current User: user
[03.27.25 12:56 AM ]System Registration Key: 13100655
[03.27.25 12:56 AM ]Node Lock: 6S6Q
[03.27.25 12:56 AM ]
[03.27.25 12:56 AM ]----------------------------------------
[03.27.25 12:56 AM ]Unreg #0 24HK-YVSEMR-D8QDW7-CL8D
[03.27.25 12:56 AM ]Unreg #1 HSAL-SYQTU8-DSW5AK-M4RS
[03.27.25 12:56 AM ]
[03.27.25 12:56 AM ]
[03.27.25 12:56 AM ]License: Delphi 12.1 Athens Community Edition
[03.27.25 12:56 AM ]Registration Key=13100655
[03.27.25 12:56 AM ]Serial Number=24HK-YVSEMR-D8QDW7-CL8D
[03.27.25 12:56 AM ]
[03.27.25 12:56 AM ]
[03.27.25 12:56 AM ]License: Delphi 12.1 Athens Community Edition
[03.27.25 12:56 AM ]Registration Key=13100655
[03.27.25 12:56 AM ]Serial Number=24HK-YVSEMR-D8QDW7-CL8D
[03.27.25 12:56 AM ]
[03.27.25 12:56 AM ]
[03.27.25 12:56 AM ]License: RAD Studio 12.3 Athens Architect Trial
[03.27.25 12:56 AM ]Registration Key=13100655
[03.27.25 12:56 AM ]Serial Number=HSAL-SYQTU8-DSW5AK-M4RS
[03.27.25 12:56 AM ]
[03.27.25 12:56 AM ]
[03.27.25 12:56 AM ]License: Delphi 12.1 Athens Community Edition
[03.27.25 12:56 AM ]Registration Key=13100655
[03.27.25 12:56 AM ]Serial Number=24HK-YVSEMR-D8QDW7-CL8D
[03.27.25 12:56 AM ]
[03.27.25 12:56 AM ]
[03.27.25 12:56 AM ]License: Delphi 12.1 Athens Community Edition
[03.27.25 12:56 AM ]Registration Key=13100655
[03.27.25 12:56 AM ]Serial Number=24HK-YVSEMR-D8QDW7-CL8D
[03.27.25 12:56 AM ]----------------------------------------
[03.27.25 12:56 AM ]Operating System: Windows
[03.27.25 12:56 AM ]Current User: user
[03.27.25 12:56 AM ]System Registration Key: 13100655
[03.27.25 12:56 AM ]Node Lock: 6S6Q
[03.27.25 12:56 AM ]
[03.27.25 12:56 AM ]----------------------------------------
[03.27.25 12:56 AM ]Unreg #0 24HK-YVSEMR-D8QDW7-CL8D
[03.27.25 12:56 AM ]Unreg #1 HSAL-SYQTU8-DSW5AK-M4RS
[03.27.25 12:56 AM ]
[03.27.25 12:56 AM ]
[03.27.25 12:56 AM ]License: Delphi 12.1 Athens Community Edition
[03.27.25 12:56 AM ]Registration Key=13100655
[03.27.25 12:56 AM ]Serial Number=24HK-YVSEMR-D8QDW7-CL8D
[03.27.25 12:56 AM ]
[03.27.25 12:56 AM ]
[03.27.25 12:56 AM ]License: Delphi 12.1 Athens Community Edition
[03.27.25 12:56 AM ]Registration Key=13100655
[03.27.25 12:56 AM ]Serial Number=24HK-YVSEMR-D8QDW7-CL8D
[03.27.25 12:56 AM ]
[03.27.25 12:56 AM ]
[03.27.25 12:56 AM ]License: RAD Studio 12.3 Athens Architect Trial
[03.27.25 12:56 AM ]Registration Key=13100655
[03.27.25 12:56 AM ]Serial Number=HSAL-SYQTU8-DSW5AK-M4RS
[03.27.25 12:56 AM ]
[03.27.25 12:56 AM ]
[03.27.25 12:56 AM ]License: Delphi 12.1 Athens Community Edition
[03.27.25 12:56 AM ]Registration Key=13100655
[03.27.25 12:56 AM ]Serial Number=24HK-YVSEMR-D8QDW7-CL8D
[03.27.25 12:56 AM ]
[03.27.25 12:56 AM ]
[03.27.25 12:56 AM ]License: Delphi 12.1 Athens Community Edition
[03.27.25 12:56 AM ]Registration Key=13100655
[03.27.25 12:56 AM ]Serial Number=24HK-YVSEMR-D8QDW7-CL8D
[03.27.25 12:56 AM ]----------------------------------------
[03.27.25 12:56 AM ]Operating System: Windows
[03.27.25 12:56 AM ]Current User: user
[03.27.25 12:56 AM ]System Registration Key: 13100655
[03.27.25 12:56 AM ]Node Lock: 6S6Q
[03.27.25 12:56 AM ]
[03.27.25 12:56 AM ]----------------------------------------
[03.27.25 12:56 AM ]Unreg #0 24HK-YVSEMR-D8QDW7-CL8D
[03.27.25 12:56 AM ]Unreg #1 HSAL-SYQTU8-DSW5AK-M4RS
[03.27.25 12:56 AM ]
[03.27.25 12:56 AM ]
[03.27.25 12:56 AM ]License: Delphi 12.1 Athens Community Edition
[03.27.25 12:56 AM ]Registration Key=13100655
[03.27.25 12:56 AM ]Serial Number=24HK-YVSEMR-D8QDW7-CL8D
[03.27.25 12:56 AM ]
[03.27.25 12:56 AM ]
[03.27.25 12:56 AM ]License: Delphi 12.1 Athens Community Edition
[03.27.25 12:56 AM ]Registration Key=13100655
[03.27.25 12:56 AM ]Serial Number=24HK-YVSEMR-D8QDW7-CL8D
[03.27.25 12:56 AM ]
[03.27.25 12:56 AM ]
[03.27.25 12:56 AM ]License: RAD Studio 12.3 Athens Architect Trial
[03.27.25 12:56 AM ]Registration Key=13100655
[03.27.25 12:56 AM ]Serial Number=HSAL-SYQTU8-DSW5AK-M4RS
[03.27.25 12:56 AM ]
[03.27.25 12:56 AM ]
[03.27.25 12:56 AM ]License: Delphi 12.1 Athens Community Edition
[03.27.25 12:56 AM ]Registration Key=13100655
[03.27.25 12:56 AM ]Serial Number=24HK-YVSEMR-D8QDW7-CL8D
[03.27.25 12:56 AM ]
[03.27.25 12:56 AM ]
[03.27.25 12:56 AM ]License: Delphi 12.1 Athens Community Edition
[03.27.25 12:56 AM ]Registration Key=13100655
[03.27.25 12:56 AM ]Serial Number=24HK-YVSEMR-D8QDW7-CL8D
[03.27.25 12:56 AM ]----------------------------------------
[03.27.25 12:56 AM ]Operating System: Windows
[03.27.25 12:56 AM ]Current User: user
[03.27.25 12:56 AM ]System Registration Key: 13100655
[03.27.25 12:56 AM ]Node Lock: 6S6Q
[03.27.25 12:56 AM ]
[03.27.25 12:56 AM ]----------------------------------------
[03.27.25 12:56 AM ]Unreg #0 24HK-YVSEMR-D8QDW7-CL8D
[03.27.25 12:56 AM ]Unreg #1 HSAL-SYQTU8-DSW5AK-M4RS
[03.27.25 12:56 AM ]
[03.27.25 12:56 AM ]
[03.27.25 12:56 AM ]License: Delphi 12.1 Athens Community Edition
[03.27.25 12:56 AM ]Registration Key=13100655
[03.27.25 12:56 AM ]Serial Number=24HK-YVSEMR-D8QDW7-CL8D
[03.27.25 12:56 AM ]
[03.27.25 12:56 AM ]
[03.27.25 12:56 AM ]License: Delphi 12.1 Athens Community Edition
[03.27.25 12:56 AM ]Registration Key=13100655
[03.27.25 12:56 AM ]Serial Number=24HK-YVSEMR-D8QDW7-CL8D
[03.27.25 12:56 AM ]
[03.27.25 12:56 AM ]
[03.27.25 12:56 AM ]License: RAD Studio 12.3 Athens Architect Trial
[03.27.25 12:56 AM ]Registration Key=13100655
[03.27.25 12:56 AM ]Serial Number=HSAL-SYQTU8-DSW5AK-M4RS
[03.27.25 12:56 AM ]
[03.27.25 12:56 AM ]
[03.27.25 12:56 AM ]License: Delphi 12.1 Athens Community Edition
[03.27.25 12:56 AM ]Registration Key=13100655
[03.27.25 12:56 AM ]Serial Number=24HK-YVSEMR-D8QDW7-CL8D
[03.27.25 12:56 AM ]
[03.27.25 12:56 AM ]
[03.27.25 12:56 AM ]License: Delphi 12.1 Athens Community Edition
[03.27.25 12:56 AM ]Registration Key=13100655
[03.27.25 12:56 AM ]Serial Number=24HK-YVSEMR-D8QDW7-CL8D
[03.27.25 12:56 AM ]----------------------------------------
[03.27.25 12:56 AM ]Operating System: Windows
[03.27.25 12:56 AM ]Current User: user
[03.27.25 12:56 AM ]System Registration Key: 13100655
[03.27.25 12:56 AM ]Node Lock: 6S6Q
[03.27.25 12:56 AM ]
[03.27.25 12:56 AM ]----------------------------------------
[03.27.25 12:56 AM ]Unreg #0 24HK-YVSEMR-D8QDW7-CL8D
[03.27.25 12:56 AM ]Unreg #1 HSAL-SYQTU8-DSW5AK-M4RS
[03.27.25 12:56 AM ]
[03.27.25 12:56 AM ]
[03.27.25 12:56 AM ]License: Delphi 12.1 Athens Community Edition
[03.27.25 12:56 AM ]Registration Key=13100655
[03.27.25 12:56 AM ]Serial Number=24HK-YVSEMR-D8QDW7-CL8D
[03.27.25 12:56 AM ]
[03.27.25 12:56 AM ]
[03.27.25 12:56 AM ]License: Delphi 12.1 Athens Community Edition
[03.27.25 12:56 AM ]Registration Key=13100655
[03.27.25 12:56 AM ]Serial Number=24HK-YVSEMR-D8QDW7-CL8D
[03.27.25 12:56 AM ]
[03.27.25 12:56 AM ]
[03.27.25 12:56 AM ]License: RAD Studio 12.3 Athens Architect Trial
[03.27.25 12:56 AM ]Registration Key=13100655
[03.27.25 12:56 AM ]Serial Number=HSAL-SYQTU8-DSW5AK-M4RS
[03.27.25 12:56 AM ]
[03.27.25 12:56 AM ]
[03.27.25 12:56 AM ]License: Delphi 12.1 Athens Community Edition
[03.27.25 12:56 AM ]Registration Key=13100655
[03.27.25 12:56 AM ]Serial Number=24HK-YVSEMR-D8QDW7-CL8D
[03.27.25 12:56 AM ]
[03.27.25 12:56 AM ]
[03.27.25 12:56 AM ]License: Delphi 12.1 Athens Community Edition
[03.27.25 12:56 AM ]Registration Key=13100655
[03.27.25 12:56 AM ]Serial Number=24HK-YVSEMR-D8QDW7-CL8D
[03.27.25 12:56 AM ]----------------------------------------
[03.27.25 12:56 AM ]Operating System: Windows
[03.27.25 12:56 AM ]Current User: user
[03.27.25 12:56 AM ]System Registration Key: 13100655
[03.27.25 12:56 AM ]Node Lock: 6S6Q
[03.27.25 12:56 AM ]
[03.27.25 12:56 AM ]----------------------------------------
[03.27.25 12:56 AM ]Unreg #0 24HK-YVSEMR-D8QDW7-CL8D
[03.27.25 12:56 AM ]Unreg #1 HSAL-SYQTU8-DSW5AK-M4RS
[03.27.25 12:56 AM ]
[03.27.25 12:56 AM ]
[03.27.25 12:56 AM ]License: Delphi 12.1 Athens Community Edition
[03.27.25 12:56 AM ]Registration Key=13100655
[03.27.25 12:56 AM ]Serial Number=24HK-YVSEMR-D8QDW7-CL8D
[03.27.25 12:56 AM ]
[03.27.25 12:56 AM ]
[03.27.25 12:56 AM ]License: Delphi 12.1 Athens Community Edition
[03.27.25 12:56 AM ]Registration Key=13100655
[03.27.25 12:56 AM ]Serial Number=24HK-YVSEMR-D8QDW7-CL8D
[03.27.25 12:56 AM ]
[03.27.25 12:56 AM ]
[03.27.25 12:56 AM ]License: RAD Studio 12.3 Athens Architect Trial
[03.27.25 12:56 AM ]Registration Key=13100655
[03.27.25 12:56 AM ]Serial Number=HSAL-SYQTU8-DSW5AK-M4RS
[03.27.25 12:56 AM ]
[03.27.25 12:56 AM ]
[03.27.25 12:56 AM ]License: Delphi 12.1 Athens Community Edition
[03.27.25 12:56 AM ]Registration Key=13100655
[03.27.25 12:56 AM ]Serial Number=24HK-YVSEMR-D8QDW7-CL8D
[03.27.25 12:56 AM ]
[03.27.25 12:56 AM ]
[03.27.25 12:56 AM ]License: Delphi 12.1 Athens Community Edition
[03.27.25 12:56 AM ]Registration Key=13100655
[03.27.25 12:56 AM ]Serial Number=24HK-YVSEMR-D8QDW7-CL8D
[03.27.25 12:56 AM ]----------------------------------------
[03.27.25 12:56 AM ]Operating System: Windows
[03.27.25 12:56 AM ]Current User: user
[03.27.25 12:56 AM ]System Registration Key: 13100655
[03.27.25 12:56 AM ]Node Lock: 6S6Q
[03.27.25 12:56 AM ]
[03.27.25 12:56 AM ]----------------------------------------
[03.27.25 12:56 AM ]Unreg #0 24HK-YVSEMR-D8QDW7-CL8D
[03.27.25 12:56 AM ]Unreg #1 HSAL-SYQTU8-DSW5AK-M4RS
[03.27.25 12:56 AM ]
[03.27.25 12:56 AM ]
[03.27.25 12:56 AM ]License: Delphi 12.1 Athens Community Edition
[03.27.25 12:56 AM ]Registration Key=13100655
[03.27.25 12:56 AM ]Serial Number=24HK-YVSEMR-D8QDW7-CL8D
[03.27.25 12:56 AM ]
[03.27.25 12:56 AM ]
[03.27.25 12:56 AM ]License: Delphi 12.1 Athens Community Edition
[03.27.25 12:56 AM ]Registration Key=13100655
[03.27.25 12:56 AM ]Serial Number=24HK-YVSEMR-D8QDW7-CL8D
[03.27.25 12:56 AM ]
[03.27.25 12:56 AM ]
[03.27.25 12:56 AM ]License: RAD Studio 12.3 Athens Architect Trial
[03.27.25 12:56 AM ]Registration Key=13100655
[03.27.25 12:56 AM ]Serial Number=HSAL-SYQTU8-DSW5AK-M4RS
[03.27.25 12:56 AM ]
[03.27.25 12:56 AM ]
[03.27.25 12:56 AM ]License: Delphi 12.1 Athens Community Edition
[03.27.25 12:56 AM ]Registration Key=13100655
[03.27.25 12:56 AM ]Serial Number=24HK-YVSEMR-D8QDW7-CL8D
[03.27.25 12:56 AM ]
[03.27.25 12:56 AM ]
[03.27.25 12:56 AM ]License: Delphi 12.1 Athens Community Edition
[03.27.25 12:56 AM ]Registration Key=13100655
[03.27.25 12:56 AM ]Serial Number=24HK-YVSEMR-D8QDW7-CL8D
[03.27.25 12:56 AM ]----------------------------------------
[03.27.25 12:56 AM ]Operating System: Windows
[03.27.25 12:56 AM ]Current User: user
[03.27.25 12:56 AM ]System Registration Key: 13100655
[03.27.25 12:56 AM ]Node Lock: 6S6Q
[03.27.25 12:56 AM ]
[03.27.25 12:56 AM ]----------------------------------------
[03.27.25 12:56 AM ]Unreg #0 24HK-YVSEMR-D8QDW7-CL8D
[03.27.25 12:56 AM ]Unreg #1 HSAL-SYQTU8-DSW5AK-M4RS
[03.27.25 12:56 AM ]
[03.27.25 12:56 AM ]
[03.27.25 12:56 AM ]License: Delphi 12.1 Athens Community Edition
[03.27.25 12:56 AM ]Registration Key=13100655
[03.27.25 12:56 AM ]Serial Number=24HK-YVSEMR-D8QDW7-CL8D
[03.27.25 12:56 AM ]
[03.27.25 12:56 AM ]
[03.27.25 12:56 AM ]License: Delphi 12.1 Athens Community Edition
[03.27.25 12:56 AM ]Registration Key=13100655
[03.27.25 12:56 AM ]Serial Number=24HK-YVSEMR-D8QDW7-CL8D
[03.27.25 12:56 AM ]
[03.27.25 12:56 AM ]
[03.27.25 12:56 AM ]License: RAD Studio 12.3 Athens Architect Trial
[03.27.25 12:56 AM ]Registration Key=13100655
[03.27.25 12:56 AM ]Serial Number=HSAL-SYQTU8-DSW5AK-M4RS
[03.27.25 12:56 AM ]
[03.27.25 12:56 AM ]
[03.27.25 12:56 AM ]License: Delphi 12.1 Athens Community Edition
[03.27.25 12:56 AM ]Registration Key=13100655
[03.27.25 12:56 AM ]Serial Number=24HK-YVSEMR-D8QDW7-CL8D
[03.27.25 12:56 AM ]
[03.27.25 12:56 AM ]
[03.27.25 12:56 AM ]License: Delphi 12.1 Athens Community Edition
[03.27.25 12:56 AM ]Registration Key=13100655
[03.27.25 12:56 AM ]Serial Number=24HK-YVSEMR-D8QDW7-CL8D
[03.27.25 12:56 AM ]----------------------------------------
[03.27.25 12:56 AM ]Operating System: Windows
[03.27.25 12:56 AM ]Current User: user
[03.27.25 12:56 AM ]System Registration Key: 13100655
[03.27.25 12:56 AM ]Node Lock: 6S6Q
[03.27.25 12:56 AM ]
[03.27.25 12:56 AM ]----------------------------------------
[03.27.25 12:56 AM ]Unreg #0 24HK-YVSEMR-D8QDW7-CL8D
[03.27.25 12:56 AM ]Unreg #1 HSAL-SYQTU8-DSW5AK-M4RS
[03.27.25 12:56 AM ]
[03.27.25 12:56 AM ]
[03.27.25 12:56 AM ]License: Delphi 12.1 Athens Community Edition
[03.27.25 12:56 AM ]Registration Key=13100655
[03.27.25 12:56 AM ]Serial Number=24HK-YVSEMR-D8QDW7-CL8D
[03.27.25 12:56 AM ]
[03.27.25 12:56 AM ]
[03.27.25 12:56 AM ]License: Delphi 12.1 Athens Community Edition
[03.27.25 12:56 AM ]Registration Key=13100655
[03.27.25 12:56 AM ]Serial Number=24HK-YVSEMR-D8QDW7-CL8D
[03.27.25 12:56 AM ]
[03.27.25 12:56 AM ]
[03.27.25 12:56 AM ]License: RAD Studio 12.3 Athens Architect Trial
[03.27.25 12:56 AM ]Registration Key=13100655
[03.27.25 12:56 AM ]Serial Number=HSAL-SYQTU8-DSW5AK-M4RS
[03.27.25 12:56 AM ]
[03.27.25 12:56 AM ]
[03.27.25 12:56 AM ]License: Delphi 12.1 Athens Community Edition
[03.27.25 12:56 AM ]Registration Key=13100655
[03.27.25 12:56 AM ]Serial Number=24HK-YVSEMR-D8QDW7-CL8D
[03.27.25 12:56 AM ]
[03.27.25 12:56 AM ]
[03.27.25 12:56 AM ]License: Delphi 12.1 Athens Community Edition
[03.27.25 12:56 AM ]Registration Key=13100655
[03.27.25 12:56 AM ]Serial Number=24HK-YVSEMR-D8QDW7-CL8D
[03.27.25 12:56 AM ]----------------------------------------
[03.27.25 12:56 AM ]Operating System: Windows
[03.27.25 12:56 AM ]Current User: user
[03.27.25 12:56 AM ]System Registration Key: 13100655
[03.27.25 12:56 AM ]Node Lock: 6S6Q
[03.27.25 12:56 AM ]
[03.27.25 12:56 AM ]----------------------------------------
[03.27.25 12:56 AM ]Unreg #0 24HK-YVSEMR-D8QDW7-CL8D
[03.27.25 12:56 AM ]Unreg #1 HSAL-SYQTU8-DSW5AK-M4RS
[03.27.25 12:56 AM ]
[03.27.25 12:56 AM ]
[03.27.25 12:56 AM ]License: Delphi 12.1 Athens Community Edition
[03.27.25 12:56 AM ]Registration Key=13100655
[03.27.25 12:56 AM ]Serial Number=24HK-YVSEMR-D8QDW7-CL8D
[03.27.25 12:56 AM ]
[03.27.25 12:56 AM ]
[03.27.25 12:56 AM ]License: Delphi 12.1 Athens Community Edition
[03.27.25 12:56 AM ]Registration Key=13100655
[03.27.25 12:56 AM ]Serial Number=24HK-YVSEMR-D8QDW7-CL8D
[03.27.25 12:56 AM ]
[03.27.25 12:56 AM ]
[03.27.25 12:56 AM ]License: RAD Studio 12.3 Athens Architect Trial
[03.27.25 12:56 AM ]Registration Key=13100655
[03.27.25 12:56 AM ]Serial Number=HSAL-SYQTU8-DSW5AK-M4RS
[03.27.25 12:56 AM ]
[03.27.25 12:56 AM ]
[03.27.25 12:56 AM ]License: Delphi 12.1 Athens Community Edition
[03.27.25 12:56 AM ]Registration Key=13100655
[03.27.25 12:56 AM ]Serial Number=24HK-YVSEMR-D8QDW7-CL8D
[03.27.25 12:56 AM ]
[03.27.25 12:56 AM ]
[03.27.25 12:56 AM ]License: Delphi 12.1 Athens Community Edition
[03.27.25 12:56 AM ]Registration Key=13100655
[03.27.25 12:56 AM ]Serial Number=24HK-YVSEMR-D8QDW7-CL8D
[03.27.25 12:57 AM ]----------------------------------------
[03.27.25 12:57 AM ]Operating System: Windows
[03.27.25 12:57 AM ]Current User: user
[03.27.25 12:57 AM ]System Registration Key: 13100655
[03.27.25 12:57 AM ]Node Lock: 6S6Q
[03.27.25 12:57 AM ]
[03.27.25 12:57 AM ]----------------------------------------
[03.27.25 12:57 AM ]
[03.27.25 12:57 AM ]
[03.27.25 12:57 AM ]License: Delphi 12.1 Athens Community Edition
[03.27.25 12:57 AM ]Registration Key=13100655
[03.27.25 12:57 AM ]Serial Number=24HK-YVSEMR-D8QDW7-CL8D
[03.27.25 12:57 AM ]
[03.27.25 12:57 AM ]
[03.27.25 12:57 AM ]License: Delphi 12.1 Athens Community Edition
[03.27.25 12:57 AM ]Registration Key=13100655
[03.27.25 12:57 AM ]Serial Number=24HK-YVSEMR-D8QDW7-CL8D
[03.27.25 12:57 AM ]
[03.27.25 12:57 AM ]
[03.27.25 12:57 AM ]License: RAD Studio 12.3 Athens Architect Trial
[03.27.25 12:57 AM ]Registration Key=13100655
[03.27.25 12:57 AM ]Serial Number=HSAL-SYQTU8-DSW5AK-M4RS
[03.27.25 12:57 AM ]
[03.27.25 12:57 AM ]
[03.27.25 12:57 AM ]License: Delphi 12.1 Athens Community Edition
[03.27.25 12:57 AM ]Registration Key=13100655
[03.27.25 12:57 AM ]Serial Number=24HK-YVSEMR-D8QDW7-CL8D
[03.27.25 12:57 AM ]
[03.27.25 12:57 AM ]
[03.27.25 12:57 AM ]License: Delphi 12.1 Athens Community Edition
[03.27.25 12:57 AM ]Registration Key=13100655
[03.27.25 12:57 AM ]Serial Number=24HK-YVSEMR-D8QDW7-CL8D
[03.27.25 12:57 AM ][Subscription Client] [27.03.2025 0:57:44] DEBUG: License verification thread has started.  The following ids have been submitted to Subscription Monitor: ProductID=>8223,ProductID=>8223,ProductID=>2029,
[03.27.25 12:57 AM ][Subscription Client] [27.03.2025 0:57:45] DEBUG: No license verification call is necessary at this time.  Next verification call will be made on 23.04.2025.
[03.27.25 01:16 AM ]----------------------------------------
[03.27.25 01:16 AM ]Operating System: Windows
[03.27.25 01:16 AM ]Current User: user
[03.27.25 01:16 AM ]System Registration Key: 13100655
[03.27.25 01:16 AM ]Node Lock: 6S6Q
[03.27.25 01:16 AM ]
[03.27.25 01:16 AM ]----------------------------------------
[03.27.25 01:16 AM ]
[03.27.25 01:16 AM ]
[03.27.25 01:16 AM ]License: Delphi 12.1 Athens Community Edition
[03.27.25 01:16 AM ]Registration Key=13100655
[03.27.25 01:16 AM ]Serial Number=24HK-YVSEMR-D8QDW7-CL8D
[03.27.25 01:16 AM ]
[03.27.25 01:16 AM ]
[03.27.25 01:16 AM ]License: Delphi 12.1 Athens Community Edition
[03.27.25 01:16 AM ]Registration Key=13100655
[03.27.25 01:16 AM ]Serial Number=24HK-YVSEMR-D8QDW7-CL8D
[03.27.25 01:16 AM ]
[03.27.25 01:16 AM ]
[03.27.25 01:16 AM ]License: RAD Studio 12.3 Athens Architect Trial
[03.27.25 01:16 AM ]Registration Key=13100655
[03.27.25 01:16 AM ]Serial Number=HSAL-SYQTU8-DSW5AK-M4RS
[03.27.25 01:16 AM ]
[03.27.25 01:16 AM ]
[03.27.25 01:16 AM ]License: Delphi 12.1 Athens Community Edition
[03.27.25 01:16 AM ]Registration Key=13100655
[03.27.25 01:16 AM ]Serial Number=24HK-YVSEMR-D8QDW7-CL8D
[03.27.25 01:16 AM ]
[03.27.25 01:16 AM ]
[03.27.25 01:16 AM ]License: Delphi 12.1 Athens Community Edition
[03.27.25 01:16 AM ]Registration Key=13100655
[03.27.25 01:16 AM ]Serial Number=24HK-YVSEMR-D8QDW7-CL8D
[03.27.25 01:16 AM ][Subscription Client] [27.03.2025 1:16:23] DEBUG: License verification thread has started.  The following ids have been submitted to Subscription Monitor: ProductID=>8223,ProductID=>8223,ProductID=>2029,
[03.27.25 01:16 AM ][Subscription Client] [27.03.2025 1:16:23] DEBUG: No license verification call is necessary at this time.  Next verification call will be made on 23.04.2025.
[05.20.25 05:36 PM ]----------------------------------------
[05.20.25 05:36 PM ]Operating System: Windows
[05.20.25 05:36 PM ]Current User: user
[05.20.25 05:36 PM ]System Registration Key: 13100655
[05.20.25 05:36 PM ]Node Lock: 6S6Q
[05.20.25 05:36 PM ]
[05.20.25 05:36 PM ]----------------------------------------
[05.20.25 05:36 PM ]
[05.20.25 05:36 PM ]
[05.20.25 05:36 PM ]License: Delphi 12.1 Athens Community Edition
[05.20.25 05:36 PM ]Registration Key=13100655
[05.20.25 05:36 PM ]Serial Number=24HK-YVSEMR-D8QDW7-CL8D
[05.20.25 05:36 PM ]
[05.20.25 05:36 PM ]
[05.20.25 05:36 PM ]License: Delphi 12.1 Athens Community Edition
[05.20.25 05:36 PM ]Registration Key=13100655
[05.20.25 05:36 PM ]Serial Number=24HK-YVSEMR-D8QDW7-CL8D
[05.20.25 05:36 PM ]
[05.20.25 05:36 PM ]
[05.20.25 05:36 PM ]License: RAD Studio 12.3 Athens Architect Trial
[05.20.25 05:36 PM ]Registration Key=13100655
[05.20.25 05:36 PM ]Serial Number=HSAL-SYQTU8-DSW5AK-M4RS
[05.20.25 05:36 PM ]
[05.20.25 05:36 PM ]
[05.20.25 05:36 PM ]License: Delphi 12.1 Athens Community Edition
[05.20.25 05:36 PM ]Registration Key=13100655
[05.20.25 05:36 PM ]Serial Number=24HK-YVSEMR-D8QDW7-CL8D
[05.20.25 05:36 PM ]
[05.20.25 05:36 PM ]
[05.20.25 05:36 PM ]License: Delphi 12.1 Athens Community Edition
[05.20.25 05:36 PM ]Registration Key=13100655
[05.20.25 05:36 PM ]Serial Number=24HK-YVSEMR-D8QDW7-CL8D
[05.20.25 05:36 PM ][Subscription Client] [20.05.2025 17:36:31] DEBUG: License verification thread has started.  The following ids have been submitted to Subscription Monitor: ProductID=>8223,ProductID=>8223,ProductID=>2029,
[05.20.25 05:36 PM ][Subscription Client] [20.05.2025 17:36:32] DEBUG: Call to verify license service has been made. Timer: 1000 millis.
[05.20.25 05:36 PM ][Subscription Client] [20.05.2025 17:36:32] DEBUG: Service Response For Serial 24HK-YVSEMR-D8QDW7-CL8D:
[05.20.25 05:36 PM ][Subscription Client] [20.05.2025 17:36:32] DEBUG: Service Response Error Code (0 - Succeeds): 0
[05.20.25 05:36 PM ][Subscription Client] [20.05.2025 17:36:32] DEBUG: Service Response Error Message: Success
[05.20.25 05:36 PM ][Subscription Client] Warning:There were no license updates found related to licenses on your system. (0)
[05.20.25 08:17 PM ]----------------------------------------
[05.20.25 08:17 PM ]Operating System: Windows
[05.20.25 08:17 PM ]Current User: user
[05.20.25 08:17 PM ]System Registration Key: 13100655
[05.20.25 08:17 PM ]Node Lock: 6S6Q
[05.20.25 08:17 PM ]
[05.20.25 08:17 PM ]----------------------------------------
[05.20.25 08:17 PM ]
[05.20.25 08:17 PM ]
[05.20.25 08:17 PM ]License: Delphi 12.1 Athens Community Edition
[05.20.25 08:17 PM ]Registration Key=13100655
[05.20.25 08:17 PM ]Serial Number=24HK-YVSEMR-D8QDW7-CL8D
[05.20.25 08:17 PM ]
[05.20.25 08:17 PM ]
[05.20.25 08:17 PM ]License: Delphi 12.1 Athens Community Edition
[05.20.25 08:17 PM ]Registration Key=13100655
[05.20.25 08:17 PM ]Serial Number=24HK-YVSEMR-D8QDW7-CL8D
[05.20.25 08:17 PM ]
[05.20.25 08:17 PM ]
[05.20.25 08:17 PM ]License: RAD Studio 12.3 Athens Architect Trial
[05.20.25 08:17 PM ]Registration Key=13100655
[05.20.25 08:17 PM ]Serial Number=HSAL-SYQTU8-DSW5AK-M4RS
[05.20.25 08:17 PM ]
[05.20.25 08:17 PM ]
[05.20.25 08:17 PM ]License: Delphi 12.1 Athens Community Edition
[05.20.25 08:17 PM ]Registration Key=13100655
[05.20.25 08:17 PM ]Serial Number=24HK-YVSEMR-D8QDW7-CL8D
[05.20.25 08:17 PM ]
[05.20.25 08:17 PM ]
[05.20.25 08:17 PM ]License: Delphi 12.1 Athens Community Edition
[05.20.25 08:17 PM ]Registration Key=13100655
[05.20.25 08:17 PM ]Serial Number=24HK-YVSEMR-D8QDW7-CL8D
[05.20.25 08:17 PM ][Subscription Client] [20.05.2025 20:17:43] DEBUG: License verification thread has started.  The following ids have been submitted to Subscription Monitor: ProductID=>8223,ProductID=>8223,ProductID=>2029,
[05.20.25 08:17 PM ][Subscription Client] [20.05.2025 20:17:43] DEBUG: No license verification call is necessary at this time.  Next verification call will be made on 17.06.2025.
[05.20.25 10:30 PM ][Subscription Client] [20.05.2025 22:30:12] DEBUG: No license verification call is necessary at this time.  Next verification call will be made on 17.06.2025.
[05.21.25 04:47 PM ][Subscription Client] [21.05.2025 16:47:51] DEBUG: No license verification call is necessary at this time.  Next verification call will be made on 17.06.2025.
[05.21.25 05:27 PM ]----------------------------------------
[05.21.25 05:27 PM ]Operating System: Windows
[05.21.25 05:27 PM ]Current User: user
[05.21.25 05:27 PM ]System Registration Key: 13100655
[05.21.25 05:27 PM ]Node Lock: 6S6Q
[05.21.25 05:27 PM ]
[05.21.25 05:27 PM ]----------------------------------------
[05.21.25 05:27 PM ]
[05.21.25 05:27 PM ]
[05.21.25 05:27 PM ]License: Delphi 12.1 Athens Community Edition
[05.21.25 05:27 PM ]Registration Key=13100655
[05.21.25 05:27 PM ]Serial Number=24HK-YVSEMR-D8QDW7-CL8D
[05.21.25 05:27 PM ]
[05.21.25 05:27 PM ]
[05.21.25 05:27 PM ]License: Delphi 12.1 Athens Community Edition
[05.21.25 05:27 PM ]Registration Key=13100655
[05.21.25 05:27 PM ]Serial Number=24HK-YVSEMR-D8QDW7-CL8D
[05.21.25 05:27 PM ]
[05.21.25 05:27 PM ]
[05.21.25 05:27 PM ]License: RAD Studio 12.3 Athens Architect Trial
[05.21.25 05:27 PM ]Registration Key=13100655
[05.21.25 05:27 PM ]Serial Number=HSAL-SYQTU8-DSW5AK-M4RS
[05.21.25 05:27 PM ]
[05.21.25 05:27 PM ]
[05.21.25 05:27 PM ]License: Delphi 12.1 Athens Community Edition
[05.21.25 05:27 PM ]Registration Key=13100655
[05.21.25 05:27 PM ]Serial Number=24HK-YVSEMR-D8QDW7-CL8D
[05.21.25 05:27 PM ]
[05.21.25 05:27 PM ]
[05.21.25 05:27 PM ]License: Delphi 12.1 Athens Community Edition
[05.21.25 05:27 PM ]Registration Key=13100655
[05.21.25 05:27 PM ]Serial Number=24HK-YVSEMR-D8QDW7-CL8D
[05.21.25 05:27 PM ][Subscription Client] [21.05.2025 17:27:19] DEBUG: License verification thread has started.  The following ids have been submitted to Subscription Monitor: ProductID=>8223,ProductID=>8223,ProductID=>2029,
[05.21.25 05:27 PM ][Subscription Client] [21.05.2025 17:27:19] DEBUG: No license verification call is necessary at this time.  Next verification call will be made on 17.06.2025.
[05.22.25 10:23 AM ]----------------------------------------
[05.22.25 10:23 AM ]Operating System: Windows
[05.22.25 10:23 AM ]Current User: user
[05.22.25 10:23 AM ]System Registration Key: 13100655
[05.22.25 10:23 AM ]Node Lock: 6S6Q
[05.22.25 10:23 AM ]
[05.22.25 10:23 AM ]----------------------------------------
[05.22.25 10:23 AM ]
[05.22.25 10:23 AM ]
[05.22.25 10:23 AM ]License: Delphi 12.1 Athens Community Edition
[05.22.25 10:23 AM ]Registration Key=13100655
[05.22.25 10:23 AM ]Serial Number=24HK-YVSEMR-D8QDW7-CL8D
[05.22.25 10:23 AM ]
[05.22.25 10:23 AM ]
[05.22.25 10:23 AM ]License: Delphi 12.1 Athens Community Edition
[05.22.25 10:23 AM ]Registration Key=13100655
[05.22.25 10:23 AM ]Serial Number=24HK-YVSEMR-D8QDW7-CL8D
[05.22.25 10:23 AM ]
[05.22.25 10:23 AM ]
[05.22.25 10:23 AM ]License: RAD Studio 12.3 Athens Architect Trial
[05.22.25 10:23 AM ]Registration Key=13100655
[05.22.25 10:23 AM ]Serial Number=HSAL-SYQTU8-DSW5AK-M4RS
[05.22.25 10:23 AM ]
[05.22.25 10:23 AM ]
[05.22.25 10:23 AM ]License: Delphi 12.1 Athens Community Edition
[05.22.25 10:23 AM ]Registration Key=13100655
[05.22.25 10:23 AM ]Serial Number=24HK-YVSEMR-D8QDW7-CL8D
[05.22.25 10:24 AM ]
[05.22.25 10:24 AM ]
[05.22.25 10:24 AM ]License: Delphi 12.1 Athens Community Edition
[05.22.25 10:24 AM ]Registration Key=13100655
[05.22.25 10:24 AM ]Serial Number=24HK-YVSEMR-D8QDW7-CL8D
[05.22.25 10:24 AM ][Subscription Client] [22.05.2025 10:24:16] DEBUG: License verification thread has started.  The following ids have been submitted to Subscription Monitor: ProductID=>8223,ProductID=>8223,ProductID=>2029,
[05.22.25 10:24 AM ][Subscription Client] [22.05.2025 10:24:16] DEBUG: No license verification call is necessary at this time.  Next verification call will be made on 17.06.2025.
[05.25.25 09:04 PM ]----------------------------------------
[05.25.25 09:04 PM ]Operating System: Windows
[05.25.25 09:04 PM ]Current User: user
[05.25.25 09:04 PM ]System Registration Key: 13100655
[05.25.25 09:04 PM ]Node Lock: 6S6Q
[05.25.25 09:04 PM ]
[05.25.25 09:04 PM ]----------------------------------------
[05.25.25 09:04 PM ]
[05.25.25 09:04 PM ]
[05.25.25 09:04 PM ]License: Delphi 12.1 Athens Community Edition
[05.25.25 09:04 PM ]Registration Key=13100655
[05.25.25 09:04 PM ]Serial Number=24HK-YVSEMR-D8QDW7-CL8D
[05.25.25 09:04 PM ]
[05.25.25 09:04 PM ]
[05.25.25 09:04 PM ]License: Delphi 12.1 Athens Community Edition
[05.25.25 09:04 PM ]Registration Key=13100655
[05.25.25 09:04 PM ]Serial Number=24HK-YVSEMR-D8QDW7-CL8D
[05.25.25 09:04 PM ]
[05.25.25 09:04 PM ]
[05.25.25 09:04 PM ]License: RAD Studio 12.3 Athens Architect Trial
[05.25.25 09:04 PM ]Registration Key=13100655
[05.25.25 09:04 PM ]Serial Number=HSAL-SYQTU8-DSW5AK-M4RS
[05.25.25 09:04 PM ]
[05.25.25 09:04 PM ]
[05.25.25 09:04 PM ]License: Delphi 12.1 Athens Community Edition
[05.25.25 09:04 PM ]Registration Key=13100655
[05.25.25 09:04 PM ]Serial Number=24HK-YVSEMR-D8QDW7-CL8D
[05.25.25 09:04 PM ]
[05.25.25 09:04 PM ]
[05.25.25 09:04 PM ]License: Delphi 12.1 Athens Community Edition
[05.25.25 09:04 PM ]Registration Key=13100655
[05.25.25 09:04 PM ]Serial Number=24HK-YVSEMR-D8QDW7-CL8D
[05.25.25 09:04 PM ][Subscription Client] [25.05.2025 21:04:26] DEBUG: License verification thread has started.  The following ids have been submitted to Subscription Monitor: ProductID=>8223,ProductID=>8223,ProductID=>2029,
[05.25.25 09:04 PM ][Subscription Client] [25.05.2025 21:04:26] DEBUG: No license verification call is necessary at this time.  Next verification call will be made on 17.06.2025.
[05.25.25 10:00 PM ]----------------------------------------
[05.25.25 10:00 PM ]Operating System: Windows
[05.25.25 10:00 PM ]Current User: user
[05.25.25 10:00 PM ]System Registration Key: 13100655
[05.25.25 10:00 PM ]Node Lock: 6S6Q
[05.25.25 10:00 PM ]
[05.25.25 10:00 PM ]----------------------------------------
[05.25.25 10:00 PM ]
[05.25.25 10:00 PM ]
[05.25.25 10:00 PM ]License: Delphi 12.1 Athens Community Edition
[05.25.25 10:00 PM ]Registration Key=13100655
[05.25.25 10:00 PM ]Serial Number=24HK-YVSEMR-D8QDW7-CL8D
[05.25.25 10:00 PM ]
[05.25.25 10:00 PM ]
[05.25.25 10:00 PM ]License: Delphi 12.1 Athens Community Edition
[05.25.25 10:00 PM ]Registration Key=13100655
[05.25.25 10:00 PM ]Serial Number=24HK-YVSEMR-D8QDW7-CL8D
[05.25.25 10:00 PM ]
[05.25.25 10:00 PM ]
[05.25.25 10:00 PM ]License: RAD Studio 12.3 Athens Architect Trial
[05.25.25 10:00 PM ]Registration Key=13100655
[05.25.25 10:00 PM ]Serial Number=HSAL-SYQTU8-DSW5AK-M4RS
[05.25.25 10:00 PM ]
[05.25.25 10:00 PM ]
[05.25.25 10:00 PM ]License: Delphi 12.1 Athens Community Edition
[05.25.25 10:00 PM ]Registration Key=13100655
[05.25.25 10:00 PM ]Serial Number=24HK-YVSEMR-D8QDW7-CL8D
[05.25.25 10:00 PM ]
[05.25.25 10:00 PM ]
[05.25.25 10:00 PM ]License: Delphi 12.1 Athens Community Edition
[05.25.25 10:00 PM ]Registration Key=13100655
[05.25.25 10:00 PM ]Serial Number=24HK-YVSEMR-D8QDW7-CL8D
[05.25.25 10:00 PM ][Subscription Client] [25.05.2025 22:00:25] DEBUG: License verification thread has started.  The following ids have been submitted to Subscription Monitor: ProductID=>8223,ProductID=>8223,ProductID=>2029,
[05.25.25 10:00 PM ][Subscription Client] [25.05.2025 22:00:25] DEBUG: No license verification call is necessary at this time.  Next verification call will be made on 17.06.2025.
[05.25.25 11:26 PM ]----------------------------------------
[05.25.25 11:26 PM ]Operating System: Windows
[05.25.25 11:26 PM ]Current User: user
[05.25.25 11:26 PM ]System Registration Key: 13100655
[05.25.25 11:26 PM ]Node Lock: 6S6Q
[05.25.25 11:26 PM ]
[05.25.25 11:26 PM ]----------------------------------------
[05.25.25 11:26 PM ]
[05.25.25 11:26 PM ]
[05.25.25 11:26 PM ]License: Delphi 12.1 Athens Community Edition
[05.25.25 11:26 PM ]Registration Key=13100655
[05.25.25 11:26 PM ]Serial Number=24HK-YVSEMR-D8QDW7-CL8D
[05.25.25 11:26 PM ]
[05.25.25 11:26 PM ]
[05.25.25 11:26 PM ]License: Delphi 12.1 Athens Community Edition
[05.25.25 11:26 PM ]Registration Key=13100655
[05.25.25 11:26 PM ]Serial Number=24HK-YVSEMR-D8QDW7-CL8D
[05.25.25 11:26 PM ]
[05.25.25 11:26 PM ]
[05.25.25 11:26 PM ]License: RAD Studio 12.3 Athens Architect Trial
[05.25.25 11:26 PM ]Registration Key=13100655
[05.25.25 11:26 PM ]Serial Number=HSAL-SYQTU8-DSW5AK-M4RS
[05.25.25 11:26 PM ]
[05.25.25 11:26 PM ]
[05.25.25 11:26 PM ]License: Delphi 12.1 Athens Community Edition
[05.25.25 11:26 PM ]Registration Key=13100655
[05.25.25 11:26 PM ]Serial Number=24HK-YVSEMR-D8QDW7-CL8D
[05.25.25 11:26 PM ]
[05.25.25 11:26 PM ]
[05.25.25 11:26 PM ]License: Delphi 12.1 Athens Community Edition
[05.25.25 11:26 PM ]Registration Key=13100655
[05.25.25 11:26 PM ]Serial Number=24HK-YVSEMR-D8QDW7-CL8D
[05.25.25 11:26 PM ][Subscription Client] [25.05.2025 23:26:29] DEBUG: License verification thread has started.  The following ids have been submitted to Subscription Monitor: ProductID=>8223,ProductID=>8223,ProductID=>2029,
[05.25.25 11:26 PM ][Subscription Client] [25.05.2025 23:26:29] DEBUG: No license verification call is necessary at this time.  Next verification call will be made on 17.06.2025.
[05.27.25 07:40 PM ][Subscription Client] [27.05.2025 19:40:00] DEBUG: No license verification call is necessary at this time.  Next verification call will be made on 17.06.2025.
[10.31.25 09:24 PM ]----------------------------------------
[10.31.25 09:24 PM ]Operating System: Windows
[10.31.25 09:24 PM ]Current User: user
[10.31.25 09:24 PM ]System Registration Key: 13100655
[10.31.25 09:24 PM ]Node Lock: 6S6Q
[10.31.25 09:24 PM ]
[10.31.25 09:24 PM ]----------------------------------------
[10.31.25 09:24 PM ]
[10.31.25 09:24 PM ]
[10.31.25 09:24 PM ]License: Delphi 12.1 Athens Community Edition
[10.31.25 09:24 PM ]Registration Key=13100655
[10.31.25 09:24 PM ]Serial Number=24HK-YVSEMR-D8QDW7-CL8D
[10.31.25 09:24 PM ]
[10.31.25 09:24 PM ]
[10.31.25 09:24 PM ]License: Delphi 12.1 Athens Community Edition
[10.31.25 09:24 PM ]Registration Key=13100655
[10.31.25 09:24 PM ]Serial Number=24HK-YVSEMR-D8QDW7-CL8D
[10.31.25 09:24 PM ]
[10.31.25 09:24 PM ]
[10.31.25 09:24 PM ]License: RAD Studio 12.3 Athens Architect Trial
[10.31.25 09:24 PM ]Registration Key=13100655
[10.31.25 09:24 PM ]Serial Number=HSAL-SYQTU8-DSW5AK-M4RS
[10.31.25 09:24 PM ]
[10.31.25 09:24 PM ]
[10.31.25 09:24 PM ]License: Delphi 12.1 Athens Community Edition
[10.31.25 09:24 PM ]Registration Key=13100655
[10.31.25 09:24 PM ]Serial Number=24HK-YVSEMR-D8QDW7-CL8D
[10.31.25 09:24 PM ]
[10.31.25 09:24 PM ]
[10.31.25 09:24 PM ]License: Delphi 12.1 Athens Community Edition
[10.31.25 09:24 PM ]Registration Key=13100655
[10.31.25 09:24 PM ]Serial Number=24HK-YVSEMR-D8QDW7-CL8D
[10.31.25 09:24 PM ][Subscription Client] [31.10.2025 21:24:03] DEBUG: License verification thread has started.  The following ids have been submitted to Subscription Monitor: ProductID=>8223,ProductID=>8223,ProductID=>2029,
[10.31.25 09:24 PM ][Subscription Client] [31.10.2025 21:24:04] DEBUG: Call to verify license service has been made. Timer: 1000 millis.
[10.31.25 09:24 PM ][Subscription Client] [31.10.2025 21:24:04] DEBUG: Service Response For Serial 24HK-YVSEMR-D8QDW7-CL8D:
[10.31.25 09:24 PM ][Subscription Client] [31.10.2025 21:24:04] DEBUG: Service Response Error Code (0 - Succeeds): 0
[10.31.25 09:24 PM ][Subscription Client] [31.10.2025 21:24:04] DEBUG: Service Response Error Message: Success
[10.31.25 09:24 PM ][Subscription Client] Warning:There were no license updates found related to licenses on your system. (0)
[10.31.25 10:20 PM ]----------------------------------------
[10.31.25 10:20 PM ]Operating System: Windows
[10.31.25 10:20 PM ]Current User: user
[10.31.25 10:20 PM ]System Registration Key: 13100655
[10.31.25 10:20 PM ]Node Lock: 6S6Q
[10.31.25 10:20 PM ]
[10.31.25 10:20 PM ]----------------------------------------
[10.31.25 10:20 PM ]
[10.31.25 10:20 PM ]
[10.31.25 10:20 PM ]License: Delphi 12.1 Athens Community Edition
[10.31.25 10:20 PM ]Registration Key=13100655
[10.31.25 10:20 PM ]Serial Number=24HK-YVSEMR-D8QDW7-CL8D
[10.31.25 10:20 PM ]
[10.31.25 10:20 PM ]
[10.31.25 10:20 PM ]License: Delphi 12.1 Athens Community Edition
[10.31.25 10:20 PM ]Registration Key=13100655
[10.31.25 10:20 PM ]Serial Number=24HK-YVSEMR-D8QDW7-CL8D
[10.31.25 10:20 PM ]
[10.31.25 10:20 PM ]
[10.31.25 10:20 PM ]License: RAD Studio 12.3 Athens Architect Trial
[10.31.25 10:20 PM ]Registration Key=13100655
[10.31.25 10:20 PM ]Serial Number=HSAL-SYQTU8-DSW5AK-M4RS
[10.31.25 10:20 PM ]
[10.31.25 10:20 PM ]
[10.31.25 10:20 PM ]License: Delphi 12.1 Athens Community Edition
[10.31.25 10:20 PM ]Registration Key=13100655
[10.31.25 10:20 PM ]Serial Number=24HK-YVSEMR-D8QDW7-CL8D
[10.31.25 10:20 PM ]
[10.31.25 10:20 PM ]
[10.31.25 10:20 PM ]License: Delphi 12.1 Athens Community Edition
[10.31.25 10:20 PM ]Registration Key=13100655
[10.31.25 10:20 PM ]Serial Number=24HK-YVSEMR-D8QDW7-CL8D
[10.31.25 10:20 PM ][Subscription Client] [31.10.2025 22:20:48] DEBUG: License verification thread has started.  The following ids have been submitted to Subscription Monitor: ProductID=>8223,ProductID=>8223,ProductID=>2029,
[10.31.25 10:20 PM ][Subscription Client] [31.10.2025 22:20:48] DEBUG: No license verification call is necessary at this time.  Next verification call will be made on 28.11.2025.
[10.31.25 10:24 PM ]----------------------------------------
[10.31.25 10:24 PM ]Operating System: Windows
[10.31.25 10:24 PM ]Current User: user
[10.31.25 10:24 PM ]System Registration Key: 13100655
[10.31.25 10:24 PM ]Node Lock: 6S6Q
[10.31.25 10:24 PM ]
[10.31.25 10:24 PM ]----------------------------------------
[10.31.25 10:24 PM ]
[10.31.25 10:24 PM ]
[10.31.25 10:24 PM ]License: Delphi 12.1 Athens Community Edition
[10.31.25 10:24 PM ]Registration Key=13100655
[10.31.25 10:24 PM ]Serial Number=24HK-YVSEMR-D8QDW7-CL8D
[10.31.25 10:24 PM ]
[10.31.25 10:24 PM ]
[10.31.25 10:24 PM ]License: Delphi 12.1 Athens Community Edition
[10.31.25 10:24 PM ]Registration Key=13100655
[10.31.25 10:24 PM ]Serial Number=24HK-YVSEMR-D8QDW7-CL8D
[10.31.25 10:24 PM ]
[10.31.25 10:24 PM ]
[10.31.25 10:24 PM ]License: RAD Studio 12.3 Athens Architect Trial
[10.31.25 10:24 PM ]Registration Key=13100655
[10.31.25 10:24 PM ]Serial Number=HSAL-SYQTU8-DSW5AK-M4RS
[10.31.25 10:24 PM ]
[10.31.25 10:24 PM ]
[10.31.25 10:24 PM ]License: Delphi 12.1 Athens Community Edition
[10.31.25 10:24 PM ]Registration Key=13100655
[10.31.25 10:24 PM ]Serial Number=24HK-YVSEMR-D8QDW7-CL8D
[10.31.25 10:24 PM ]
[10.31.25 10:24 PM ]
[10.31.25 10:24 PM ]License: Delphi 12.1 Athens Community Edition
[10.31.25 10:24 PM ]Registration Key=13100655
[10.31.25 10:24 PM ]Serial Number=24HK-YVSEMR-D8QDW7-CL8D
[10.31.25 10:24 PM ][Subscription Client] [31.10.2025 22:24:52] DEBUG: License verification thread has started.  The following ids have been submitted to Subscription Monitor: ProductID=>8223,ProductID=>8223,ProductID=>2029,
[10.31.25 10:24 PM ][Subscription Client] [31.10.2025 22:24:52] DEBUG: No license verification call is necessary at this time.  Next verification call will be made on 28.11.2025.
[10.31.25 10:44 PM ]----------------------------------------
[10.31.25 10:44 PM ]Operating System: Windows
[10.31.25 10:44 PM ]Current User: user
[10.31.25 10:44 PM ]System Registration Key: 13100655
[10.31.25 10:44 PM ]Node Lock: 6S6Q
[10.31.25 10:44 PM ]
[10.31.25 10:44 PM ]----------------------------------------
[10.31.25 10:44 PM ]
[10.31.25 10:44 PM ]
[10.31.25 10:44 PM ]License: Delphi 12.1 Athens Community Edition
[10.31.25 10:44 PM ]Registration Key=13100655
[10.31.25 10:44 PM ]Serial Number=24HK-YVSEMR-D8QDW7-CL8D
[10.31.25 10:44 PM ]
[10.31.25 10:44 PM ]
[10.31.25 10:44 PM ]License: Delphi 12.1 Athens Community Edition
[10.31.25 10:44 PM ]Registration Key=13100655
[10.31.25 10:44 PM ]Serial Number=24HK-YVSEMR-D8QDW7-CL8D
[10.31.25 10:44 PM ]
[10.31.25 10:44 PM ]
[10.31.25 10:44 PM ]License: RAD Studio 12.3 Athens Architect Trial
[10.31.25 10:44 PM ]Registration Key=13100655
[10.31.25 10:44 PM ]Serial Number=HSAL-SYQTU8-DSW5AK-M4RS
[10.31.25 10:44 PM ]
[10.31.25 10:44 PM ]
[10.31.25 10:44 PM ]License: Delphi 12.1 Athens Community Edition
[10.31.25 10:44 PM ]Registration Key=13100655
[10.31.25 10:44 PM ]Serial Number=24HK-YVSEMR-D8QDW7-CL8D
[10.31.25 10:44 PM ]
[10.31.25 10:44 PM ]
[10.31.25 10:44 PM ]License: Delphi 12.1 Athens Community Edition
[10.31.25 10:44 PM ]Registration Key=13100655
[10.31.25 10:44 PM ]Serial Number=24HK-YVSEMR-D8QDW7-CL8D
[10.31.25 10:44 PM ][Subscription Client] [31.10.2025 22:44:43] DEBUG: License verification thread has started.  The following ids have been submitted to Subscription Monitor: ProductID=>8223,ProductID=>8223,ProductID=>2029,
[10.31.25 10:44 PM ][Subscription Client] [31.10.2025 22:44:43] DEBUG: No license verification call is necessary at this time.  Next verification call will be made on 28.11.2025.
[10.31.25 10:54 PM ]----------------------------------------
[10.31.25 10:54 PM ]Operating System: Windows
[10.31.25 10:54 PM ]Current User: user
[10.31.25 10:54 PM ]System Registration Key: 13100655
[10.31.25 10:54 PM ]Node Lock: 6S6Q
[10.31.25 10:54 PM ]
[10.31.25 10:54 PM ]----------------------------------------
[10.31.25 10:54 PM ]
[10.31.25 10:54 PM ]
[10.31.25 10:54 PM ]License: Delphi 12.1 Athens Community Edition
[10.31.25 10:54 PM ]Registration Key=13100655
[10.31.25 10:54 PM ]Serial Number=24HK-YVSEMR-D8QDW7-CL8D
[10.31.25 10:54 PM ]
[10.31.25 10:54 PM ]
[10.31.25 10:54 PM ]License: Delphi 12.1 Athens Community Edition
[10.31.25 10:54 PM ]Registration Key=13100655
[10.31.25 10:54 PM ]Serial Number=24HK-YVSEMR-D8QDW7-CL8D
[10.31.25 10:54 PM ]
[10.31.25 10:54 PM ]
[10.31.25 10:54 PM ]License: RAD Studio 12.3 Athens Architect Trial
[10.31.25 10:54 PM ]Registration Key=13100655
[10.31.25 10:54 PM ]Serial Number=HSAL-SYQTU8-DSW5AK-M4RS
[10.31.25 10:54 PM ]
[10.31.25 10:54 PM ]
[10.31.25 10:54 PM ]License: Delphi 12.1 Athens Community Edition
[10.31.25 10:54 PM ]Registration Key=13100655
[10.31.25 10:54 PM ]Serial Number=24HK-YVSEMR-D8QDW7-CL8D
[10.31.25 10:54 PM ]
[10.31.25 10:54 PM ]
[10.31.25 10:54 PM ]License: Delphi 12.1 Athens Community Edition
[10.31.25 10:54 PM ]Registration Key=13100655
[10.31.25 10:54 PM ]Serial Number=24HK-YVSEMR-D8QDW7-CL8D
[10.31.25 10:54 PM ][Subscription Client] [31.10.2025 22:54:18] DEBUG: License verification thread has started.  The following ids have been submitted to Subscription Monitor: ProductID=>8223,ProductID=>8223,ProductID=>2029,
[10.31.25 10:54 PM ][Subscription Client] [31.10.2025 22:54:18] DEBUG: No license verification call is necessary at this time.  Next verification call will be made on 28.11.2025.
[10.31.25 10:56 PM ]----------------------------------------
[10.31.25 10:56 PM ]Operating System: Windows
[10.31.25 10:56 PM ]Current User: user
[10.31.25 10:56 PM ]System Registration Key: 13100655
[10.31.25 10:56 PM ]Node Lock: 6S6Q
[10.31.25 10:56 PM ]
[10.31.25 10:56 PM ]----------------------------------------
[10.31.25 10:56 PM ]
[10.31.25 10:56 PM ]
[10.31.25 10:56 PM ]License: Delphi 12.1 Athens Community Edition
[10.31.25 10:56 PM ]Registration Key=13100655
[10.31.25 10:56 PM ]Serial Number=24HK-YVSEMR-D8QDW7-CL8D
[10.31.25 10:56 PM ]
[10.31.25 10:56 PM ]
[10.31.25 10:56 PM ]License: Delphi 12.1 Athens Community Edition
[10.31.25 10:56 PM ]Registration Key=13100655
[10.31.25 10:56 PM ]Serial Number=24HK-YVSEMR-D8QDW7-CL8D
[10.31.25 10:56 PM ]
[10.31.25 10:56 PM ]
[10.31.25 10:56 PM ]License: RAD Studio 12.3 Athens Architect Trial
[10.31.25 10:56 PM ]Registration Key=13100655
[10.31.25 10:56 PM ]Serial Number=HSAL-SYQTU8-DSW5AK-M4RS
[10.31.25 10:56 PM ]
[10.31.25 10:56 PM ]
[10.31.25 10:56 PM ]License: Delphi 12.1 Athens Community Edition
[10.31.25 10:56 PM ]Registration Key=13100655
[10.31.25 10:56 PM ]Serial Number=24HK-YVSEMR-D8QDW7-CL8D
[10.31.25 10:56 PM ]
[10.31.25 10:56 PM ]
[10.31.25 10:56 PM ]License: Delphi 12.1 Athens Community Edition
[10.31.25 10:56 PM ]Registration Key=13100655
[10.31.25 10:56 PM ]Serial Number=24HK-YVSEMR-D8QDW7-CL8D
[10.31.25 10:56 PM ][Subscription Client] [31.10.2025 22:56:17] DEBUG: License verification thread has started.  The following ids have been submitted to Subscription Monitor: ProductID=>8223,ProductID=>8223,ProductID=>2029,
[10.31.25 10:56 PM ][Subscription Client] [31.10.2025 22:56:17] DEBUG: No license verification call is necessary at this time.  Next verification call will be made on 28.11.2025.
[10.31.25 10:57 PM ]----------------------------------------
[10.31.25 10:57 PM ]Operating System: Windows
[10.31.25 10:57 PM ]Current User: user
[10.31.25 10:57 PM ]System Registration Key: 13100655
[10.31.25 10:57 PM ]Node Lock: 6S6Q
[10.31.25 10:57 PM ]
[10.31.25 10:57 PM ]----------------------------------------
[10.31.25 10:57 PM ]
[10.31.25 10:57 PM ]
[10.31.25 10:57 PM ]License: Delphi 12.1 Athens Community Edition
[10.31.25 10:57 PM ]Registration Key=13100655
[10.31.25 10:57 PM ]Serial Number=24HK-YVSEMR-D8QDW7-CL8D
[10.31.25 10:57 PM ]
[10.31.25 10:57 PM ]
[10.31.25 10:57 PM ]License: Delphi 12.1 Athens Community Edition
[10.31.25 10:57 PM ]Registration Key=13100655
[10.31.25 10:57 PM ]Serial Number=24HK-YVSEMR-D8QDW7-CL8D
[10.31.25 10:57 PM ]
[10.31.25 10:57 PM ]
[10.31.25 10:57 PM ]License: RAD Studio 12.3 Athens Architect Trial
[10.31.25 10:57 PM ]Registration Key=13100655
[10.31.25 10:57 PM ]Serial Number=HSAL-SYQTU8-DSW5AK-M4RS
[10.31.25 10:57 PM ]
[10.31.25 10:57 PM ]
[10.31.25 10:57 PM ]License: Delphi 12.1 Athens Community Edition
[10.31.25 10:57 PM ]Registration Key=13100655
[10.31.25 10:57 PM ]Serial Number=24HK-YVSEMR-D8QDW7-CL8D
[10.31.25 10:57 PM ]
[10.31.25 10:57 PM ]
[10.31.25 10:57 PM ]License: Delphi 12.1 Athens Community Edition
[10.31.25 10:57 PM ]Registration Key=13100655
[10.31.25 10:57 PM ]Serial Number=24HK-YVSEMR-D8QDW7-CL8D
[10.31.25 10:57 PM ]----------------------------------------
[10.31.25 10:57 PM ]Operating System: Windows
[10.31.25 10:57 PM ]Current User: user
[10.31.25 10:57 PM ]System Registration Key: 13100655
[10.31.25 10:57 PM ]Node Lock: 6S6Q
[10.31.25 10:57 PM ]
[10.31.25 10:57 PM ]----------------------------------------
[10.31.25 10:57 PM ]
[10.31.25 10:57 PM ]
[10.31.25 10:57 PM ]License: Delphi 12.1 Athens Community Edition
[10.31.25 10:57 PM ]Registration Key=13100655
[10.31.25 10:57 PM ]Serial Number=24HK-YVSEMR-D8QDW7-CL8D
[10.31.25 10:57 PM ]
[10.31.25 10:57 PM ]
[10.31.25 10:57 PM ]License: Delphi 12.1 Athens Community Edition
[10.31.25 10:57 PM ]Registration Key=13100655
[10.31.25 10:57 PM ]Serial Number=24HK-YVSEMR-D8QDW7-CL8D
[10.31.25 10:57 PM ]
[10.31.25 10:57 PM ]
[10.31.25 10:57 PM ]License: RAD Studio 12.3 Athens Architect Trial
[10.31.25 10:57 PM ]Registration Key=13100655
[10.31.25 10:57 PM ]Serial Number=HSAL-SYQTU8-DSW5AK-M4RS
[10.31.25 10:57 PM ]
[10.31.25 10:57 PM ]
[10.31.25 10:57 PM ]License: Delphi 12.1 Athens Community Edition
[10.31.25 10:57 PM ]Registration Key=13100655
[10.31.25 10:57 PM ]Serial Number=24HK-YVSEMR-D8QDW7-CL8D
[10.31.25 10:57 PM ]
[10.31.25 10:57 PM ]
[10.31.25 10:57 PM ]License: Delphi 12.1 Athens Community Edition
[10.31.25 10:57 PM ]Registration Key=13100655
[10.31.25 10:57 PM ]Serial Number=24HK-YVSEMR-D8QDW7-CL8D
[10.31.25 10:59 PM ]----------------------------------------
[10.31.25 10:59 PM ]Operating System: Windows
[10.31.25 10:59 PM ]Current User: user
[10.31.25 10:59 PM ]System Registration Key: 13100655
[10.31.25 10:59 PM ]Node Lock: 6S6Q
[10.31.25 10:59 PM ]
[10.31.25 10:59 PM ]----------------------------------------
[10.31.25 10:59 PM ]
[10.31.25 10:59 PM ]
[10.31.25 10:59 PM ]License: Delphi 12.1 Athens Community Edition
[10.31.25 10:59 PM ]Registration Key=13100655
[10.31.25 10:59 PM ]Serial Number=24HK-YVSEMR-D8QDW7-CL8D
[10.31.25 10:59 PM ]
[10.31.25 10:59 PM ]
[10.31.25 10:59 PM ]License: Delphi 12.1 Athens Community Edition
[10.31.25 10:59 PM ]Registration Key=13100655
[10.31.25 10:59 PM ]Serial Number=24HK-YVSEMR-D8QDW7-CL8D
[10.31.25 10:59 PM ]
[10.31.25 10:59 PM ]
[10.31.25 10:59 PM ]License: RAD Studio 12.3 Athens Architect Trial
[10.31.25 10:59 PM ]Registration Key=13100655
[10.31.25 10:59 PM ]Serial Number=HSAL-SYQTU8-DSW5AK-M4RS
[10.31.25 10:59 PM ]
[10.31.25 10:59 PM ]
[10.31.25 10:59 PM ]License: Delphi 12.1 Athens Community Edition
[10.31.25 10:59 PM ]Registration Key=13100655
[10.31.25 10:59 PM ]Serial Number=24HK-YVSEMR-D8QDW7-CL8D
[10.31.25 10:59 PM ]
[10.31.25 10:59 PM ]
[10.31.25 10:59 PM ]License: Delphi 12.1 Athens Community Edition
[10.31.25 10:59 PM ]Registration Key=13100655
[10.31.25 10:59 PM ]Serial Number=24HK-YVSEMR-D8QDW7-CL8D
[10.31.25 10:59 PM ][Subscription Client] [31.10.2025 22:59:28] DEBUG: License verification thread has started.  The following ids have been submitted to Subscription Monitor: ProductID=>8223,ProductID=>8223,ProductID=>2029,
[10.31.25 10:59 PM ][Subscription Client] [31.10.2025 22:59:28] DEBUG: No license verification call is necessary at this time.  Next verification call will be made on 28.11.2025.
[10.31.25 11:06 PM ]----------------------------------------
[10.31.25 11:06 PM ]Operating System: Windows
[10.31.25 11:06 PM ]Current User: user
[10.31.25 11:06 PM ]System Registration Key: 13100655
[10.31.25 11:06 PM ]Node Lock: 6S6Q
[10.31.25 11:06 PM ]
[10.31.25 11:06 PM ]----------------------------------------
[10.31.25 11:06 PM ]
[10.31.25 11:06 PM ]
[10.31.25 11:06 PM ]License: Delphi 12.1 Athens Community Edition
[10.31.25 11:06 PM ]Registration Key=13100655
[10.31.25 11:06 PM ]Serial Number=24HK-YVSEMR-D8QDW7-CL8D
[10.31.25 11:06 PM ]
[10.31.25 11:06 PM ]
[10.31.25 11:06 PM ]License: Delphi 12.1 Athens Community Edition
[10.31.25 11:06 PM ]Registration Key=13100655
[10.31.25 11:06 PM ]Serial Number=24HK-YVSEMR-D8QDW7-CL8D
[10.31.25 11:06 PM ]
[10.31.25 11:06 PM ]
[10.31.25 11:06 PM ]License: RAD Studio 12.3 Athens Architect Trial
[10.31.25 11:06 PM ]Registration Key=13100655
[10.31.25 11:06 PM ]Serial Number=HSAL-SYQTU8-DSW5AK-M4RS
[10.31.25 11:06 PM ]
[10.31.25 11:06 PM ]
[10.31.25 11:06 PM ]License: Delphi 12.1 Athens Community Edition
[10.31.25 11:06 PM ]Registration Key=13100655
[10.31.25 11:06 PM ]Serial Number=24HK-YVSEMR-D8QDW7-CL8D
[10.31.25 11:06 PM ]
[10.31.25 11:06 PM ]
[10.31.25 11:06 PM ]License: Delphi 12.1 Athens Community Edition
[10.31.25 11:06 PM ]Registration Key=13100655
[10.31.25 11:06 PM ]Serial Number=24HK-YVSEMR-D8QDW7-CL8D
[10.31.25 11:06 PM ][Subscription Client] [31.10.2025 23:06:11] DEBUG: License verification thread has started.  The following ids have been submitted to Subscription Monitor: ProductID=>8223,ProductID=>8223,ProductID=>2029,
[10.31.25 11:06 PM ][Subscription Client] [31.10.2025 23:06:11] DEBUG: No license verification call is necessary at this time.  Next verification call will be made on 28.11.2025.
